#
# A fatal error has been detected by the Java Runtime Environment:
#
#  Internal Error (constantPool.cpp:1351), pid=12767, tid=35075
#  Error: ShouldNotReachHere()
#
# JRE version: Java(TM) SE Runtime Environment (8.0_11-b12) (build 1.8.0_11-b12)
# Java VM: Java HotSpot(TM) 64-Bit Server VM (25.11-b03 mixed mode bsd-amd64 compressed oops)
# Failed to write core dump. Core dumps have been disabled. To enable core dumping, try "ulimit -c unlimited" before starting Java again
#
# If you would like to submit a bug report, please visit:
#   http://bugreport.sun.com/bugreport/crash.jsp
#

---------------  T H R E A D  ---------------

Current thread (0x00007fd1acbfa800):  JavaThread "*** Profiler Agent Special Execution Thread 2" daemon [_thread_in_vm, id=35075, stack(0x0000700002c9e000,0x0000700002d9e000)]

Stack: [0x0000700002c9e000,0x0000700002d9e000],  sp=0x0000700002d9c710,  free space=1017k
Native frames: (J=compiled Java code, j=interpreted, Vv=VM code, C=native code)
V  [libjvm.dylib+0x55fe18]
V  [libjvm.dylib+0x1d363b]
V  [libjvm.dylib+0x1cf794]
V  [libjvm.dylib+0x37054e]
V  [libjvm.dylib+0x371661]
V  [libjvm.dylib+0x3727a1]
V  [libjvm.dylib+0x36883d]
V  [libjvm.dylib+0x5661f5]
V  [libjvm.dylib+0x356290]
V  [libjvm.dylib+0x324860]
C  [libprofilerinterface.jnilib+0x2a7e]  Java_org_netbeans_lib_profiler_server_system_Classes_doRedefineClasses+0x1b1
j  org.netbeans.lib.profiler.server.system.Classes.doRedefineClasses([Ljava/lang/Class;[[B)I+0
j  org.netbeans.lib.profiler.server.system.Classes.redefineClasses([Ljava/lang/Class;[[B)V+127
j  org.netbeans.lib.profiler.server.ProfilerInterface.redefineClasses([Ljava/lang/Class;[[B)V+97
j  org.netbeans.lib.profiler.server.ProfilerInterface.instrumentMethodGroupNow(Lorg/netbeans/lib/profiler/wireprotocol/InstrumentMethodGroupData;)V+282
j  org.netbeans.lib.profiler.server.ProfilerInterface.getAndInstrumentClasses(Z)Z+131
j  org.netbeans.lib.profiler.server.ProfilerInterface.access$1000(Z)Z+1
j  org.netbeans.lib.profiler.server.ProfilerInterface$InitiateProfilingThread.initiateInstrumentation(I)V+300
j  org.netbeans.lib.profiler.server.ProfilerInterface$InitiateProfilingThread.run()V+87
v  ~StubRoutines::call_stub
V  [libjvm.dylib+0x2c5d36]
V  [libjvm.dylib+0x2c64c4]
V  [libjvm.dylib+0x2c6670]
V  [libjvm.dylib+0x315e57]
V  [libjvm.dylib+0x51d86d]
V  [libjvm.dylib+0x51efaa]
V  [libjvm.dylib+0x446026]
C  [libsystem_pthread.dylib+0x3c13]  _pthread_body+0x83
C  [libsystem_pthread.dylib+0x3b90]  _pthread_body+0x0
C  [libsystem_pthread.dylib+0x1375]  thread_start+0xd

Java frames: (J=compiled Java code, j=interpreted, Vv=VM code)
j  org.netbeans.lib.profiler.server.system.Classes.doRedefineClasses([Ljava/lang/Class;[[B)I+0
j  org.netbeans.lib.profiler.server.system.Classes.redefineClasses([Ljava/lang/Class;[[B)V+127
j  org.netbeans.lib.profiler.server.ProfilerInterface.redefineClasses([Ljava/lang/Class;[[B)V+97
j  org.netbeans.lib.profiler.server.ProfilerInterface.instrumentMethodGroupNow(Lorg/netbeans/lib/profiler/wireprotocol/InstrumentMethodGroupData;)V+282
j  org.netbeans.lib.profiler.server.ProfilerInterface.getAndInstrumentClasses(Z)Z+131
j  org.netbeans.lib.profiler.server.ProfilerInterface.access$1000(Z)Z+1
j  org.netbeans.lib.profiler.server.ProfilerInterface$InitiateProfilingThread.initiateInstrumentation(I)V+300
j  org.netbeans.lib.profiler.server.ProfilerInterface$InitiateProfilingThread.run()V+87
v  ~StubRoutines::call_stub

---------------  P R O C E S S  ---------------

Java Threads: ( => current thread )
=>0x00007fd1acbfa800 JavaThread "*** Profiler Agent Special Execution Thread 2" daemon [_thread_in_vm, id=35075, stack(0x0000700002c9e000,0x0000700002d9e000)]
  0x00007fd1ad188000 JavaThread "process reaper" daemon [_thread_blocked, id=33035, stack(0x0000700002892000,0x00007000028ba000)]
  0x00007fd1af17b000 JavaThread "*** Profiler Agent Special Execution Thread 6" daemon [_thread_blocked, id=34563, stack(0x0000700002b9b000,0x0000700002c9b000)]
  0x00007fd1ad187800 JavaThread "*** JFluid Monitor thread ***" daemon [_thread_blocked, id=34051, stack(0x0000700002a98000,0x0000700002b98000)]
  0x00007fd1af081800 JavaThread "*** Profiler Agent Communication Thread" daemon [_thread_in_native, id=33539, stack(0x0000700002995000,0x0000700002a95000)]
  0x00007fd1ad117800 JavaThread "RMI TCP Connection(4)-192.168.1.127" daemon [_thread_in_native, id=32515, stack(0x000070000278f000,0x000070000288f000)]
  0x00007fd1ade05800 JavaThread "ActiveMQ Session Task-1" [_thread_blocked, id=32003, stack(0x000070000268c000,0x000070000278c000)]
  0x00007fd1ac995800 JavaThread "DestroyJavaVM" [_thread_blocked, id=5891, stack(0x000070000011a000,0x000070000021a000)]
  0x00007fd1ac240800 JavaThread "JMX server connection timeout 34" daemon [_thread_blocked, id=31491, stack(0x0000700002589000,0x0000700002689000)]
  0x00007fd1ad94a000 JavaThread "RMI TCP Connection(3)-192.168.1.127" daemon [_thread_in_native, id=30979, stack(0x0000700002486000,0x0000700002586000)]
  0x00007fd1aa68a000 JavaThread "RMI TCP Accept-0" daemon [_thread_in_native, id=30467, stack(0x0000700002383000,0x0000700002483000)]
  0x00007fd1ac926800 JavaThread "Camel (camel-1) thread #1 - JmsConsumer[entityLoader]" daemon [_thread_blocked, id=29955, stack(0x0000700002280000,0x0000700002380000)]
  0x00007fd1ad901800 JavaThread "BrokerService[localhost] Task-1" daemon [_thread_blocked, id=29443, stack(0x000070000217d000,0x000070000227d000)]
  0x00007fd1ac318800 JavaThread "ActiveMQ Task-2" daemon [_thread_blocked, id=28931, stack(0x000070000207a000,0x000070000217a000)]
  0x00007fd1ac2a4000 JavaThread "ActiveMQ Task-3" daemon [_thread_blocked, id=28419, stack(0x0000700001f77000,0x0000700002077000)]
  0x00007fd1ac317800 JavaThread "ActiveMQ Task-1" daemon [_thread_blocked, id=27907, stack(0x0000700001e74000,0x0000700001f74000)]
  0x00007fd1ac317000 JavaThread "ActiveMQ Broker[localhost] Scheduler" daemon [_thread_blocked, id=22791, stack(0x000070000165c000,0x000070000175c000)]
  0x00007fd1ad186800 JavaThread "RMI TCP Connection(2)-192.168.1.127" daemon [_thread_in_native, id=27395, stack(0x0000700001d71000,0x0000700001e71000)]
  0x00007fd1ad888800 JavaThread "RMI RenewClean-[192.168.1.127:60068]" daemon [_thread_blocked, id=26883, stack(0x0000700001c6e000,0x0000700001d6e000)]
  0x00007fd1ad18d000 JavaThread "RMI Scheduler(0)" daemon [_thread_blocked, id=26371, stack(0x0000700001b6b000,0x0000700001c6b000)]
  0x00007fd1ad18b000 JavaThread "RMI TCP Connection(1)-127.0.0.1" daemon [_thread_in_native, id=25871, stack(0x0000700001a68000,0x0000700001b68000)]
  0x00007fd1ad18c000 JavaThread "GC Daemon" daemon [_thread_blocked, id=24323, stack(0x0000700001965000,0x0000700001a65000)]
  0x00007fd1ad190800 JavaThread "RMI Reaper" [_thread_blocked, id=23811, stack(0x0000700001862000,0x0000700001962000)]
  0x00007fd1aa69c000 JavaThread "RMI TCP Accept-0" daemon [_thread_in_native, id=23299, stack(0x000070000175f000,0x000070000185f000)]
  0x00007fd1ad900800 JavaThread "RMI TCP Accept-1099" daemon [_thread_in_native, id=22275, stack(0x0000700001559000,0x0000700001659000)]
  0x00007fd1ac222800 JavaThread "Attach Listener" daemon [_thread_blocked, id=21763, stack(0x0000700001456000,0x0000700001556000)]
  0x00007fd1ad8a0800 JavaThread "Camel (camel-1) thread #0 - file://target/in" daemon [_thread_in_Java, id=21255, stack(0x0000700001353000,0x0000700001453000)]
  0x00007fd1aa05e000 JavaThread "Service Thread" daemon [_thread_blocked, id=20227, stack(0x000070000114d000,0x000070000124d000)]
  0x00007fd1ab831800 JavaThread "C1 CompilerThread2" daemon [_thread_blocked, id=19715, stack(0x000070000104a000,0x000070000114a000)]
  0x00007fd1aa844000 JavaThread "C2 CompilerThread1" daemon [_thread_blocked, id=19203, stack(0x0000700000f47000,0x0000700001047000)]
  0x00007fd1aa040800 JavaThread "C2 CompilerThread0" daemon [_thread_blocked, id=18691, stack(0x0000700000e44000,0x0000700000f44000)]
  0x00007fd1aa04d800 JavaThread "JDWP Command Reader" daemon [_thread_in_native, id=18179, stack(0x0000700000d41000,0x0000700000e41000)]
  0x00007fd1aa042000 JavaThread "JDWP Event Helper Thread" daemon [_thread_blocked, id=17667, stack(0x0000700000c3e000,0x0000700000d3e000)]
  0x00007fd1aa041800 JavaThread "JDWP Transport Listener: dt_socket" daemon [_thread_blocked, id=17155, stack(0x0000700000b3b000,0x0000700000c3b000)]
  0x00007fd1aa02c800 JavaThread "Signal Dispatcher" daemon [_thread_blocked, id=12819, stack(0x0000700000a38000,0x0000700000b38000)]
  0x00007fd1aa00a000 JavaThread "Finalizer" daemon [_thread_blocked, id=12291, stack(0x000070000082f000,0x000070000092f000)]
  0x00007fd1ab82f000 JavaThread "Reference Handler" daemon [_thread_blocked, id=11779, stack(0x000070000072c000,0x000070000082c000)]

Other Threads:
  0x00007fd1aa83b000 VMThread [stack: 0x0000700000629000,0x0000700000729000] [id=11267]
  0x00007fd1ab809000 WatcherThread [stack: 0x0000700001250000,0x0000700001350000] [id=20739]

VM state:not at safepoint (normal execution)

VM Mutex/Monitor currently owned by a thread: None

Heap:
 PSYoungGen      total 81408K, used 30728K [0x00000007bab00000, 0x00000007c0000000, 0x00000007c0000000)
  eden space 75776K, 33% used [0x00000007bab00000,0x00000007bc3869c8,0x00000007bf500000)
  from space 5632K, 99% used [0x00000007bf500000,0x00000007bfa7b9a0,0x00000007bfa80000)
  to   space 5632K, 0% used [0x00000007bfa80000,0x00000007bfa80000,0x00000007c0000000)
 ParOldGen       total 13824K, used 10734K [0x00000007b0000000, 0x00000007b0d80000, 0x00000007bab00000)
  object space 13824K, 77% used [0x00000007b0000000,0x00000007b0a7bb80,0x00000007b0d80000)
 Metaspace       used 29293K, capacity 29632K, committed 29824K, reserved 1075200K
  class space    used 3807K, capacity 3957K, committed 3968K, reserved 1048576K

Card table byte_map: [0x000000010c0ad000,0x000000010c12e000] byte_map_base: 0x000000010832d000

Marking Bits: (ParMarkBitMap*) 0x000000010d2670a0
 Begin Bits: [0x000000011cc81000, 0x000000011d081000)
 End Bits:   [0x000000011d081000, 0x000000011d481000)

Polling page: 0x000000010c04b000

CodeCache: size=245760Kb used=11321Kb max_used=11321Kb free=234438Kb
 bounds [0x000000010d8c1000, 0x000000010e3e1000, 0x000000011c8c1000]
 total_blobs=3413 nmethods=3018 adapters=318
 compilation: enabled

Compilation events (10 events):
Event: 10.745 Thread 0x00007fd1ab831800 3143       3       java.io.ObjectOutputStream::write (9 bytes)
Event: 10.745 Thread 0x00007fd1ab831800 nmethod 3143 0x000000010e3d6d10 code [0x000000010e3d6e80, 0x000000010e3d7128]
Event: 10.801 Thread 0x00007fd1ab831800 3144       3       java.io.Bits::getInt (43 bytes)
Event: 10.801 Thread 0x00007fd1ab831800 nmethod 3144 0x000000010e3d72d0 code [0x000000010e3d7440, 0x000000010e3d7610]
Event: 10.801 Thread 0x00007fd1ab831800 3145       3       java.io.ObjectInputStream::readInt (8 bytes)
Event: 10.801 Thread 0x00007fd1ab831800 nmethod 3145 0x000000010e3d7750 code [0x000000010e3d78c0, 0x000000010e3d7a68]
Event: 10.803 Thread 0x00007fd1ab831800 3146       3       java.io.ObjectInputStream$BlockDataInputStream::read (138 bytes)
Event: 10.804 Thread 0x00007fd1ab831800 nmethod 3146 0x000000010e3d7b10 code [0x000000010e3d7ce0, 0x000000010e3d8428]
Event: 10.805 Thread 0x00007fd1ab831800 3147       3       java.net.SocketInputStream::read (44 bytes)
Event: 10.805 Thread 0x00007fd1ab831800 nmethod 3147 0x000000010e3d8690 code [0x000000010e3d8820, 0x000000010e3d8be8]

GC Heap History (10 events):
Event: 1.692 GC heap before
{Heap before GC invocations=20 (full 0):
 PSYoungGen      total 41472K, used 39648K [0x00000007bab00000, 0x00000007be500000, 0x00000007c0000000)
  eden space 39424K, 100% used [0x00000007bab00000,0x00000007bd180000,0x00000007bd180000)
  from space 2048K, 10% used [0x00000007bd180000,0x00000007bd1b8000,0x00000007bd380000)
  to   space 2048K, 0% used [0x00000007be300000,0x00000007be300000,0x00000007be500000)
 ParOldGen       total 175104K, used 4152K [0x00000007b0000000, 0x00000007bab00000, 0x00000007bab00000)
  object space 175104K, 2% used [0x00000007b0000000,0x00000007b040e230,0x00000007bab00000)
 Metaspace       used 11389K, capacity 11564K, committed 11776K, reserved 1058816K
  class space    used 1405K, capacity 1436K, committed 1536K, reserved 1048576K
Event: 1.694 GC heap after
Heap after GC invocations=20 (full 0):
 PSYoungGen      total 57344K, used 1548K [0x00000007bab00000, 0x00000007be500000, 0x00000007c0000000)
  eden space 55296K, 0% used [0x00000007bab00000,0x00000007bab00000,0x00000007be100000)
  from space 2048K, 75% used [0x00000007be300000,0x00000007be483188,0x00000007be500000)
  to   space 2048K, 0% used [0x00000007be100000,0x00000007be100000,0x00000007be300000)
 ParOldGen       total 175104K, used 4184K [0x00000007b0000000, 0x00000007bab00000, 0x00000007bab00000)
  object space 175104K, 2% used [0x00000007b0000000,0x00000007b0416230,0x00000007bab00000)
 Metaspace       used 11389K, capacity 11564K, committed 11776K, reserved 1058816K
  class space    used 1405K, capacity 1436K, committed 1536K, reserved 1048576K
}
Event: 2.341 GC heap before
{Heap before GC invocations=21 (full 0):
 PSYoungGen      total 57344K, used 56844K [0x00000007bab00000, 0x00000007be500000, 0x00000007c0000000)
  eden space 55296K, 100% used [0x00000007bab00000,0x00000007be100000,0x00000007be100000)
  from space 2048K, 75% used [0x00000007be300000,0x00000007be483188,0x00000007be500000)
  to   space 2048K, 0% used [0x00000007be100000,0x00000007be100000,0x00000007be300000)
 ParOldGen       total 175104K, used 4184K [0x00000007b0000000, 0x00000007bab00000, 0x00000007bab00000)
  object space 175104K, 2% used [0x00000007b0000000,0x00000007b0416230,0x00000007bab00000)
 Metaspace       used 17650K, capacity 17796K, committed 18176K, reserved 1064960K
  class space    used 2176K, capacity 2208K, committed 2304K, reserved 1048576K
Event: 2.346 GC heap after
Heap after GC invocations=21 (full 0):
 PSYoungGen      total 57344K, used 2032K [0x00000007bab00000, 0x00000007bff00000, 0x00000007c0000000)
  eden space 55296K, 0% used [0x00000007bab00000,0x00000007bab00000,0x00000007be100000)
  from space 2048K, 99% used [0x00000007be100000,0x00000007be2fc010,0x00000007be300000)
  to   space 4096K, 0% used [0x00000007bfb00000,0x00000007bfb00000,0x00000007bff00000)
 ParOldGen       total 175104K, used 8067K [0x00000007b0000000, 0x00000007bab00000, 0x00000007bab00000)
  object space 175104K, 4% used [0x00000007b0000000,0x00000007b07e0e20,0x00000007bab00000)
 Metaspace       used 17650K, capacity 17796K, committed 18176K, reserved 1064960K
  class space    used 2176K, capacity 2208K, committed 2304K, reserved 1048576K
}
Event: 2.743 GC heap before
{Heap before GC invocations=22 (full 0):
 PSYoungGen      total 57344K, used 52270K [0x00000007bab00000, 0x00000007bff00000, 0x00000007c0000000)
  eden space 55296K, 90% used [0x00000007bab00000,0x00000007bdc0f9f0,0x00000007be100000)
  from space 2048K, 99% used [0x00000007be100000,0x00000007be2fc010,0x00000007be300000)
  to   space 4096K, 0% used [0x00000007bfb00000,0x00000007bfb00000,0x00000007bff00000)
 ParOldGen       total 175104K, used 8067K [0x00000007b0000000, 0x00000007bab00000, 0x00000007bab00000)
  object space 175104K, 4% used [0x00000007b0000000,0x00000007b07e0e20,0x00000007bab00000)
 Metaspace       used 20895K, capacity 21008K, committed 21248K, reserved 1067008K
  class space    used 2677K, capacity 2722K, committed 2816K, reserved 1048576K
Event: 2.748 GC heap after
Heap after GC invocations=22 (full 0):
 PSYoungGen      total 79872K, used 4094K [0x00000007bab00000, 0x00000007c0000000, 0x00000007c0000000)
  eden space 75776K, 0% used [0x00000007bab00000,0x00000007bab00000,0x00000007bf500000)
  from space 4096K, 99% used [0x00000007bfb00000,0x00000007bfeffa68,0x00000007bff00000)
  to   space 5632K, 0% used [0x00000007bf500000,0x00000007bf500000,0x00000007bfa80000)
 ParOldGen       total 175104K, used 10391K [0x00000007b0000000, 0x00000007bab00000, 0x00000007bab00000)
  object space 175104K, 5% used [0x00000007b0000000,0x00000007b0a25f20,0x00000007bab00000)
 Metaspace       used 20895K, capacity 21008K, committed 21248K, reserved 1067008K
  class space    used 2677K, capacity 2722K, committed 2816K, reserved 1048576K
}
Event: 2.748 GC heap before
{Heap before GC invocations=23 (full 1):
 PSYoungGen      total 79872K, used 4094K [0x00000007bab00000, 0x00000007c0000000, 0x00000007c0000000)
  eden space 75776K, 0% used [0x00000007bab00000,0x00000007bab00000,0x00000007bf500000)
  from space 4096K, 99% used [0x00000007bfb00000,0x00000007bfeffa68,0x00000007bff00000)
  to   space 5632K, 0% used [0x00000007bf500000,0x00000007bf500000,0x00000007bfa80000)
 ParOldGen       total 175104K, used 10391K [0x00000007b0000000, 0x00000007bab00000, 0x00000007bab00000)
  object space 175104K, 5% used [0x00000007b0000000,0x00000007b0a25f20,0x00000007bab00000)
 Metaspace       used 20895K, capacity 21008K, committed 21248K, reserved 1067008K
  class space    used 2677K, capacity 2722K, committed 2816K, reserved 1048576K
Event: 2.790 GC heap after
Heap after GC invocations=23 (full 1):
 PSYoungGen      total 79872K, used 0K [0x00000007bab00000, 0x00000007c0000000, 0x00000007c0000000)
  eden space 75776K, 0% used [0x00000007bab00000,0x00000007bab00000,0x00000007bf500000)
  from space 4096K, 0% used [0x00000007bfb00000,0x00000007bfb00000,0x00000007bff00000)
  to   space 5632K, 0% used [0x00000007bf500000,0x00000007bf500000,0x00000007bfa80000)
 ParOldGen       total 13824K, used 9899K [0x00000007b0000000, 0x00000007b0d80000, 0x00000007bab00000)
  object space 13824K, 71% used [0x00000007b0000000,0x00000007b09aac90,0x00000007b0d80000)
 Metaspace       used 20895K, capacity 21008K, committed 21248K, reserved 1067008K
  class space    used 2677K, capacity 2722K, committed 2816K, reserved 1048576K
}
Event: 3.366 GC heap before
{Heap before GC invocations=24 (full 1):
 PSYoungGen      total 79872K, used 75776K [0x00000007bab00000, 0x00000007c0000000, 0x00000007c0000000)
  eden space 75776K, 100% used [0x00000007bab00000,0x00000007bf500000,0x00000007bf500000)
  from space 4096K, 0% used [0x00000007bfb00000,0x00000007bfb00000,0x00000007bff00000)
  to   space 5632K, 0% used [0x00000007bf500000,0x00000007bf500000,0x00000007bfa80000)
 ParOldGen       total 13824K, used 9899K [0x00000007b0000000, 0x00000007b0d80000, 0x00000007bab00000)
  object space 13824K, 71% used [0x00000007b0000000,0x00000007b09aac90,0x00000007b0d80000)
 Metaspace       used 26900K, capacity 27080K, committed 27392K, reserved 1073152K
  class space    used 3483K, capacity 3512K, committed 3584K, reserved 1048576K
Event: 3.384 GC heap after
Heap after GC invocations=24 (full 1):
 PSYoungGen      total 81408K, used 5614K [0x00000007bab00000, 0x00000007c0000000, 0x00000007c0000000)
  eden space 75776K, 0% used [0x00000007bab00000,0x00000007bab00000,0x00000007bf500000)
  from space 5632K, 99% used [0x00000007bf500000,0x00000007bfa7b9a0,0x00000007bfa80000)
  to   space 5632K, 0% used [0x00000007bfa80000,0x00000007bfa80000,0x00000007c0000000)
 ParOldGen       total 13824K, used 10734K [0x00000007b0000000, 0x00000007b0d80000, 0x00000007bab00000)
  object space 13824K, 77% used [0x00000007b0000000,0x00000007b0a7bb80,0x00000007b0d80000)
 Metaspace       used 26900K, capacity 27080K, committed 27392K, reserved 1073152K
  class space    used 3483K, capacity 3512K, committed 3584K, reserved 1048576K
}

Deoptimization events (10 events):
Event: 8.657 Thread 0x00007fd1ac222800 Uncommon trap: reason=bimorphic action=maybe_recompile pc=0x000000010db75310 method=sun.misc.URLClassPath.getResource(Ljava/lang/String;Z)Lsun/misc/Resource; @ 53
Event: 8.657 Thread 0x00007fd1ac222800 Uncommon trap: reason=bimorphic action=maybe_recompile pc=0x000000010ded8680 method=sun.misc.URLClassPath.findResource(Ljava/lang/String;Z)Ljava/net/URL; @ 17
Event: 8.657 Thread 0x00007fd1ac222800 Uncommon trap: reason=bimorphic action=maybe_recompile pc=0x000000010db75310 method=sun.misc.URLClassPath.getResource(Ljava/lang/String;Z)Lsun/misc/Resource; @ 53
Event: 8.658 Thread 0x00007fd1ac222800 Uncommon trap: reason=bimorphic action=maybe_recompile pc=0x000000010ded8680 method=sun.misc.URLClassPath.findResource(Ljava/lang/String;Z)Ljava/net/URL; @ 17
Event: 8.670 Thread 0x00007fd1af081800 Uncommon trap: reason=class_check action=maybe_recompile pc=0x000000010da35afc method=java.io.ObjectOutputStream$BlockDataOutputStream.drain()V @ 36
Event: 8.821 Thread 0x00007fd1af081800 Uncommon trap: reason=class_check action=maybe_recompile pc=0x000000010da6c1f8 method=java.io.ObjectOutputStream$BlockDataOutputStream.drain()V @ 36
Event: 8.824 Thread 0x00007fd1af081800 Uncommon trap: reason=class_check action=maybe_recompile pc=0x000000010da6c1f8 method=java.io.ObjectOutputStream$BlockDataOutputStream.drain()V @ 36
Event: 8.824 Thread 0x00007fd1af081800 Uncommon trap: reason=class_check action=maybe_recompile pc=0x000000010da6c1f8 method=java.io.ObjectOutputStream$BlockDataOutputStream.drain()V @ 36
Event: 9.136 Thread 0x00007fd1af081800 Uncommon trap: reason=class_check action=maybe_recompile pc=0x000000010e26a2f4 method=java.util.AbstractList$Itr.hasNext()Z @ 8
Event: 9.137 Thread 0x00007fd1af081800 Uncommon trap: reason=class_check action=maybe_recompile pc=0x000000010dbdd1f8 method=java.security.MessageDigest$Delegate.engineUpdate([BII)V @ 7

Internal exceptions (10 events):
Event: 4.462 Thread 0x00007fd1ac926800 Exception <a 'java/security/PrivilegedActionException'> (0x00000007bbe39450) thrown at [/HUDSON3/workspace/8-2-build-macosx-x86_64/jdk8u11/648/hotspot/src/share/vm/prims/jvm.cpp, line 1248]
Event: 8.655 Thread 0x00007fd1ac222800 Exception <a 'java/security/PrivilegedActionException'> (0x00000007bbf6b2e8) thrown at [/HUDSON3/workspace/8-2-build-macosx-x86_64/jdk8u11/648/hotspot/src/share/vm/prims/jvm.cpp, line 1248]
Event: 8.655 Thread 0x00007fd1ac222800 Exception <a 'java/security/PrivilegedActionException'> (0x00000007bbf76ba8) thrown at [/HUDSON3/workspace/8-2-build-macosx-x86_64/jdk8u11/648/hotspot/src/share/vm/prims/jvm.cpp, line 1248]
Event: 8.656 Thread 0x00007fd1ac222800 Exception <a 'java/security/PrivilegedActionException'> (0x00000007bbf79148) thrown at [/HUDSON3/workspace/8-2-build-macosx-x86_64/jdk8u11/648/hotspot/src/share/vm/prims/jvm.cpp, line 1248]
Event: 8.657 Thread 0x00007fd1ac222800 Exception <a 'java/security/PrivilegedActionException'> (0x00000007bbf91cd0) thrown at [/HUDSON3/workspace/8-2-build-macosx-x86_64/jdk8u11/648/hotspot/src/share/vm/prims/jvm.cpp, line 1248]
Event: 8.657 Thread 0x00007fd1ac222800 Exception <a 'java/security/PrivilegedActionException'> (0x00000007bbf9d9c0) thrown at [/HUDSON3/workspace/8-2-build-macosx-x86_64/jdk8u11/648/hotspot/src/share/vm/prims/jvm.cpp, line 1248]
Event: 8.657 Thread 0x00007fd1ac222800 Exception <a 'java/security/PrivilegedActionException'> (0x00000007bbf9f4b8) thrown at [/HUDSON3/workspace/8-2-build-macosx-x86_64/jdk8u11/648/hotspot/src/share/vm/prims/jvm.cpp, line 1248]
Event: 8.657 Thread 0x00007fd1ac222800 Exception <a 'java/security/PrivilegedActionException'> (0x00000007bbfb1120) thrown at [/HUDSON3/workspace/8-2-build-macosx-x86_64/jdk8u11/648/hotspot/src/share/vm/prims/jvm.cpp, line 1248]
Event: 8.657 Thread 0x00007fd1ac222800 Exception <a 'java/security/PrivilegedActionException'> (0x00000007bbfbdeb8) thrown at [/HUDSON3/workspace/8-2-build-macosx-x86_64/jdk8u11/648/hotspot/src/share/vm/prims/jvm.cpp, line 1248]
Event: 8.658 Thread 0x00007fd1ac222800 Exception <a 'java/security/PrivilegedActionException'> (0x00000007bbfbfa40) thrown at [/HUDSON3/workspace/8-2-build-macosx-x86_64/jdk8u11/648/hotspot/src/share/vm/prims/jvm.cpp, line 1248]

Events (10 events):
Event: 10.074 loading class org/netbeans/lib/profiler/wireprotocol/MonitoredNumbersResponse
Event: 10.074 loading class org/netbeans/lib/profiler/wireprotocol/MonitoredNumbersResponse done
Event: 10.079 Executing VM operation: ThreadDump
Event: 10.079 Executing VM operation: ThreadDump done
Event: 10.439 Executing VM operation: ThreadDump
Event: 10.439 Executing VM operation: ThreadDump done
Event: 10.452 loading class org/netbeans/lib/profiler/wireprotocol/GetDefiningClassLoaderCommand
Event: 10.452 loading class org/netbeans/lib/profiler/wireprotocol/GetDefiningClassLoaderCommand done
Event: 10.452 loading class org/netbeans/lib/profiler/wireprotocol/DefiningLoaderResponse
Event: 10.452 loading class org/netbeans/lib/profiler/wireprotocol/DefiningLoaderResponse done


Dynamic libraries:
0x000000000b100000 	/System/Library/Frameworks/Cocoa.framework/Versions/A/Cocoa
0x000000000b100000 	/System/Library/Frameworks/Security.framework/Versions/A/Security
0x000000000b100000 	/System/Library/Frameworks/ApplicationServices.framework/Versions/A/ApplicationServices
0x000000000b100000 	/usr/lib/libz.1.dylib
0x000000000b100000 	/usr/lib/libSystem.B.dylib
0x000000000b100000 	/usr/lib/libobjc.A.dylib
0x000000000b100000 	/System/Library/Frameworks/CoreFoundation.framework/Versions/A/CoreFoundation
0x000000000b100000 	/System/Library/Frameworks/Foundation.framework/Versions/C/Foundation
0x000000000b100000 	/System/Library/Frameworks/AppKit.framework/Versions/C/AppKit
0x000000000b100000 	/System/Library/Frameworks/CoreData.framework/Versions/A/CoreData
0x000000000b100000 	/System/Library/PrivateFrameworks/RemoteViewServices.framework/Versions/A/RemoteViewServices
0x000000000b100000 	/System/Library/PrivateFrameworks/UIFoundation.framework/Versions/A/UIFoundation
0x000000000b100000 	/usr/lib/libScreenReader.dylib
0x000000000b100000 	/System/Library/Frameworks/Accelerate.framework/Versions/A/Accelerate
0x000000000b100000 	/System/Library/Frameworks/IOSurface.framework/Versions/A/IOSurface
0x000000000b100000 	/System/Library/Frameworks/AudioToolbox.framework/Versions/A/AudioToolbox
0x000000000b100000 	/System/Library/Frameworks/AudioUnit.framework/Versions/A/AudioUnit
0x000000000b100000 	/System/Library/PrivateFrameworks/DataDetectorsCore.framework/Versions/A/DataDetectorsCore
0x000000000b100000 	/System/Library/PrivateFrameworks/DesktopServicesPriv.framework/Versions/A/DesktopServicesPriv
0x000000000b100000 	/System/Library/Frameworks/Carbon.framework/Versions/A/Frameworks/HIToolbox.framework/Versions/A/HIToolbox
0x000000000b100000 	/System/Library/Frameworks/QuartzCore.framework/Versions/A/QuartzCore
0x000000000b100000 	/System/Library/Frameworks/Carbon.framework/Versions/A/Frameworks/SpeechRecognition.framework/Versions/A/SpeechRecognition
0x000000000b100000 	/usr/lib/libauto.dylib
0x000000000b100000 	/usr/lib/libicucore.A.dylib
0x000000000b100000 	/usr/lib/libxml2.2.dylib
0x000000000b100000 	/System/Library/PrivateFrameworks/CoreUI.framework/Versions/A/CoreUI
0x000000000b100000 	/System/Library/Frameworks/CoreAudio.framework/Versions/A/CoreAudio
0x000000000b100000 	/System/Library/Frameworks/DiskArbitration.framework/Versions/A/DiskArbitration
0x000000000b100000 	/usr/lib/liblangid.dylib
0x000000000b100000 	/System/Library/PrivateFrameworks/MultitouchSupport.framework/Versions/A/MultitouchSupport
0x000000000b100000 	/System/Library/Frameworks/IOKit.framework/Versions/A/IOKit
0x000000000b100000 	/usr/lib/libDiagnosticMessagesClient.dylib
0x000000000b100000 	/System/Library/Frameworks/CoreServices.framework/Versions/A/CoreServices
0x000000000b100000 	/System/Library/PrivateFrameworks/PerformanceAnalysis.framework/Versions/A/PerformanceAnalysis
0x000000000b100000 	/System/Library/PrivateFrameworks/GenerationalStorage.framework/Versions/A/GenerationalStorage
0x000000000b100000 	/System/Library/Frameworks/OpenGL.framework/Versions/A/OpenGL
0x000000000b100000 	/System/Library/PrivateFrameworks/Sharing.framework/Versions/A/Sharing
0x000000000b100000 	/System/Library/Frameworks/CoreGraphics.framework/Versions/A/CoreGraphics
0x000000000b100000 	/System/Library/Frameworks/CoreImage.framework/Versions/A/CoreImage
0x000000000b100000 	/System/Library/Frameworks/CoreText.framework/Versions/A/CoreText
0x000000000b100000 	/System/Library/Frameworks/ImageIO.framework/Versions/A/ImageIO
0x000000000b100000 	/System/Library/PrivateFrameworks/Backup.framework/Versions/A/Backup
0x000000000b100000 	/usr/lib/libextension.dylib
0x000000000b100000 	/usr/lib/libarchive.2.dylib
0x000000000b100000 	/System/Library/Frameworks/CFNetwork.framework/Versions/A/CFNetwork
0x000000000b100000 	/System/Library/Frameworks/SystemConfiguration.framework/Versions/A/SystemConfiguration
0x000000000b100000 	/usr/lib/libCRFSuite.dylib
0x000000000b100000 	/usr/lib/libc++.1.dylib
0x000000000b100000 	/usr/lib/libc++abi.dylib
0x000000000b100000 	/usr/lib/system/libcache.dylib
0x000000000b100000 	/usr/lib/system/libcommonCrypto.dylib
0x000000000b100000 	/usr/lib/system/libcompiler_rt.dylib
0x000000000b100000 	/usr/lib/system/libcopyfile.dylib
0x000000000b100000 	/usr/lib/system/libcorecrypto.dylib
0x000000000b100000 	/usr/lib/system/libdispatch.dylib
0x000000000b100000 	/usr/lib/system/libdyld.dylib
0x000000000b100000 	/usr/lib/system/libkeymgr.dylib
0x000000000b100000 	/usr/lib/system/liblaunch.dylib
0x000000000b100000 	/usr/lib/system/libmacho.dylib
0x000000000b100000 	/usr/lib/system/libquarantine.dylib
0x000000000b100000 	/usr/lib/system/libremovefile.dylib
0x000000000b100000 	/usr/lib/system/libsystem_asl.dylib
0x000000000b100000 	/usr/lib/system/libsystem_blocks.dylib
0x000000000b100000 	/usr/lib/system/libsystem_c.dylib
0x000000000b100000 	/usr/lib/system/libsystem_configuration.dylib
0x000000000b100000 	/usr/lib/system/libsystem_coreservices.dylib
0x000000000b100000 	/usr/lib/system/libsystem_coretls.dylib
0x000000000b100000 	/usr/lib/system/libsystem_dnssd.dylib
0x000000000b100000 	/usr/lib/system/libsystem_info.dylib
0x000000000b100000 	/usr/lib/system/libsystem_kernel.dylib
0x000000000b100000 	/usr/lib/system/libsystem_m.dylib
0x000000000b100000 	/usr/lib/system/libsystem_malloc.dylib
0x000000000b100000 	/usr/lib/system/libsystem_network.dylib
0x000000000b100000 	/usr/lib/system/libsystem_networkextension.dylib
0x000000000b100000 	/usr/lib/system/libsystem_notify.dylib
0x000000000b100000 	/usr/lib/system/libsystem_platform.dylib
0x000000000b100000 	/usr/lib/system/libsystem_pthread.dylib
0x000000000b100000 	/usr/lib/system/libsystem_sandbox.dylib
0x000000000b100000 	/usr/lib/system/libsystem_secinit.dylib
0x000000000b100000 	/usr/lib/system/libsystem_trace.dylib
0x000000000b100000 	/usr/lib/system/libunc.dylib
0x000000000b100000 	/usr/lib/system/libunwind.dylib
0x000000000b100000 	/usr/lib/system/libxpc.dylib
0x000000000b100000 	/usr/lib/libenergytrace.dylib
0x000000000b100000 	/usr/lib/libbsm.0.dylib
0x000000000b100000 	/usr/lib/system/libkxld.dylib
0x000000000b100000 	/usr/lib/libxar.1.dylib
0x000000000b100000 	/usr/lib/libsqlite3.dylib
0x000000000b100000 	/usr/lib/libpam.2.dylib
0x000000000b100000 	/usr/lib/libOpenScriptingUtil.dylib
0x000000000b100000 	/usr/lib/libbz2.1.0.dylib
0x000000000b100000 	/usr/lib/liblzma.5.dylib
0x000000000b100000 	/System/Library/Frameworks/CoreServices.framework/Versions/A/Frameworks/FSEvents.framework/Versions/A/FSEvents
0x000000000b100000 	/System/Library/Frameworks/CoreServices.framework/Versions/A/Frameworks/CarbonCore.framework/Versions/A/CarbonCore
0x000000000b100000 	/System/Library/Frameworks/CoreServices.framework/Versions/A/Frameworks/Metadata.framework/Versions/A/Metadata
0x000000000b100000 	/System/Library/Frameworks/CoreServices.framework/Versions/A/Frameworks/OSServices.framework/Versions/A/OSServices
0x000000000b100000 	/System/Library/Frameworks/CoreServices.framework/Versions/A/Frameworks/SearchKit.framework/Versions/A/SearchKit
0x000000000b100000 	/System/Library/Frameworks/CoreServices.framework/Versions/A/Frameworks/AE.framework/Versions/A/AE
0x000000000b100000 	/System/Library/Frameworks/CoreServices.framework/Versions/A/Frameworks/LaunchServices.framework/Versions/A/LaunchServices
0x000000000b100000 	/System/Library/Frameworks/CoreServices.framework/Versions/A/Frameworks/DictionaryServices.framework/Versions/A/DictionaryServices
0x000000000b100000 	/System/Library/Frameworks/CoreServices.framework/Versions/A/Frameworks/SharedFileList.framework/Versions/A/SharedFileList
0x000000000b100000 	/System/Library/Frameworks/NetFS.framework/Versions/A/NetFS
0x000000000b100000 	/System/Library/PrivateFrameworks/NetAuth.framework/Versions/A/NetAuth
0x000000000b100000 	/System/Library/PrivateFrameworks/login.framework/Versions/A/Frameworks/loginsupport.framework/Versions/A/loginsupport
0x000000000b100000 	/System/Library/PrivateFrameworks/TCC.framework/Versions/A/TCC
0x000000000b100000 	/usr/lib/libmecabra.dylib
0x000000000b100000 	/System/Library/Frameworks/ApplicationServices.framework/Versions/A/Frameworks/ATS.framework/Versions/A/ATS
0x000000000b100000 	/System/Library/Frameworks/ApplicationServices.framework/Versions/A/Frameworks/ColorSync.framework/Versions/A/ColorSync
0x000000000b100000 	/System/Library/Frameworks/ApplicationServices.framework/Versions/A/Frameworks/HIServices.framework/Versions/A/HIServices
0x000000000b100000 	/System/Library/Frameworks/ApplicationServices.framework/Versions/A/Frameworks/LangAnalysis.framework/Versions/A/LangAnalysis
0x000000000b100000 	/System/Library/Frameworks/ApplicationServices.framework/Versions/A/Frameworks/PrintCore.framework/Versions/A/PrintCore
0x000000000b100000 	/System/Library/Frameworks/ApplicationServices.framework/Versions/A/Frameworks/QD.framework/Versions/A/QD
0x000000000b100000 	/System/Library/Frameworks/ApplicationServices.framework/Versions/A/Frameworks/SpeechSynthesis.framework/Versions/A/SpeechSynthesis
0x000000000b100000 	/System/Library/Frameworks/Metal.framework/Versions/A/Metal
0x000000000b100000 	/System/Library/Frameworks/Accelerate.framework/Versions/A/Frameworks/vImage.framework/Versions/A/vImage
0x000000000b100000 	/System/Library/Frameworks/Accelerate.framework/Versions/A/Frameworks/vecLib.framework/Versions/A/vecLib
0x000000000b100000 	/System/Library/Frameworks/Accelerate.framework/Versions/A/Frameworks/vecLib.framework/Versions/A/libvDSP.dylib
0x000000000b100000 	/System/Library/Frameworks/Accelerate.framework/Versions/A/Frameworks/vecLib.framework/Versions/A/libvMisc.dylib
0x000000000b100000 	/System/Library/Frameworks/Accelerate.framework/Versions/A/Frameworks/vecLib.framework/Versions/A/libLAPACK.dylib
0x000000000b100000 	/System/Library/Frameworks/Accelerate.framework/Versions/A/Frameworks/vecLib.framework/Versions/A/libBLAS.dylib
0x000000000b100000 	/System/Library/Frameworks/Accelerate.framework/Versions/A/Frameworks/vecLib.framework/Versions/A/libLinearAlgebra.dylib
0x000000000b100000 	/System/Library/Frameworks/Accelerate.framework/Versions/A/Frameworks/vecLib.framework/Versions/A/libSparseBLAS.dylib
0x000000000b100000 	/System/Library/PrivateFrameworks/GPUCompiler.framework/libmetal_timestamp.dylib
0x000000000b100000 	/System/Library/Frameworks/OpenGL.framework/Versions/A/Libraries/libCoreFSCache.dylib
0x000000000b100000 	/System/Library/PrivateFrameworks/IOAccelerator.framework/Versions/A/IOAccelerator
0x000000000b100000 	/System/Library/Frameworks/ApplicationServices.framework/Versions/A/Frameworks/ATS.framework/Versions/A/Resources/libFontParser.dylib
0x000000000b100000 	/System/Library/Frameworks/ApplicationServices.framework/Versions/A/Frameworks/ATS.framework/Versions/A/Resources/libFontRegistry.dylib
0x000000000b100000 	/System/Library/PrivateFrameworks/AppleVPA.framework/Versions/A/AppleVPA
0x000000000b100000 	/System/Library/PrivateFrameworks/AppleJPEG.framework/Versions/A/AppleJPEG
0x000000000b100000 	/System/Library/Frameworks/ImageIO.framework/Versions/A/Resources/libJPEG.dylib
0x000000000b100000 	/System/Library/Frameworks/ImageIO.framework/Versions/A/Resources/libTIFF.dylib
0x000000000b100000 	/System/Library/Frameworks/ImageIO.framework/Versions/A/Resources/libPng.dylib
0x000000000b100000 	/System/Library/Frameworks/ImageIO.framework/Versions/A/Resources/libGIF.dylib
0x000000000b100000 	/System/Library/Frameworks/ImageIO.framework/Versions/A/Resources/libJP2.dylib
0x000000000b100000 	/System/Library/Frameworks/ImageIO.framework/Versions/A/Resources/libRadiance.dylib
0x000000000b100000 	/System/Library/Frameworks/CoreVideo.framework/Versions/A/CoreVideo
0x000000000b100000 	/System/Library/Frameworks/OpenGL.framework/Versions/A/Libraries/libGLU.dylib
0x000000000b100000 	/System/Library/Frameworks/OpenGL.framework/Versions/A/Libraries/libGFXShared.dylib
0x000000000b100000 	/System/Library/Frameworks/OpenGL.framework/Versions/A/Libraries/libGL.dylib
0x000000000b100000 	/System/Library/Frameworks/OpenGL.framework/Versions/A/Libraries/libGLImage.dylib
0x000000000b100000 	/System/Library/Frameworks/OpenGL.framework/Versions/A/Libraries/libCVMSPluginSupport.dylib
0x000000000b100000 	/System/Library/Frameworks/OpenGL.framework/Versions/A/Libraries/libCoreVMClient.dylib
0x000000000b100000 	/usr/lib/libcups.2.dylib
0x000000000b100000 	/System/Library/Frameworks/Kerberos.framework/Versions/A/Kerberos
0x000000000b100000 	/System/Library/Frameworks/GSS.framework/Versions/A/GSS
0x000000000b100000 	/usr/lib/libresolv.9.dylib
0x000000000b100000 	/usr/lib/libiconv.2.dylib
0x000000000b100000 	/System/Library/PrivateFrameworks/Heimdal.framework/Versions/A/Heimdal
0x000000000b100000 	/usr/lib/libheimdal-asn1.dylib
0x000000000b100000 	/System/Library/Frameworks/OpenDirectory.framework/Versions/A/OpenDirectory
0x000000000b100000 	/System/Library/PrivateFrameworks/CommonAuth.framework/Versions/A/CommonAuth
0x000000000b100000 	/System/Library/Frameworks/OpenDirectory.framework/Versions/A/Frameworks/CFOpenDirectory.framework/Versions/A/CFOpenDirectory
0x000000000b100000 	/System/Library/Frameworks/SecurityFoundation.framework/Versions/A/SecurityFoundation
0x000000000b100000 	/System/Library/PrivateFrameworks/LanguageModeling.framework/Versions/A/LanguageModeling
0x000000000b100000 	/usr/lib/libmarisa.dylib
0x000000000b100000 	/usr/lib/libChineseTokenizer.dylib
0x000000000b100000 	/usr/lib/libcmph.dylib
0x000000000b100000 	/usr/lib/libcompression.dylib
0x000000000b100000 	/System/Library/Frameworks/ServiceManagement.framework/Versions/A/ServiceManagement
0x000000000b100000 	/usr/lib/libxslt.1.dylib
0x000000000b100000 	/System/Library/Frameworks/Carbon.framework/Versions/A/Frameworks/Ink.framework/Versions/A/Ink
0x000000000b100000 	/usr/lib/libFosl_dynamic.dylib
0x000000000b100000 	/System/Library/PrivateFrameworks/FaceCore.framework/Versions/A/FaceCore
0x000000000b100000 	/System/Library/Frameworks/OpenCL.framework/Versions/A/OpenCL
0x000000000b100000 	/System/Library/PrivateFrameworks/CrashReporterSupport.framework/Versions/A/CrashReporterSupport
0x000000000b100000 	/System/Library/PrivateFrameworks/IconServices.framework/Versions/A/IconServices
0x000000000b100000 	/System/Library/PrivateFrameworks/Apple80211.framework/Versions/A/Apple80211
0x000000000b100000 	/System/Library/Frameworks/CoreWLAN.framework/Versions/A/CoreWLAN
0x000000000b100000 	/System/Library/Frameworks/IOBluetooth.framework/Versions/A/IOBluetooth
0x000000000b100000 	/System/Library/PrivateFrameworks/CoreWiFi.framework/Versions/A/CoreWiFi
0x000000000b100000 	/System/Library/Frameworks/CoreBluetooth.framework/Versions/A/CoreBluetooth
0x000000000b100000 	/System/Library/PrivateFrameworks/ChunkingLibrary.framework/Versions/A/ChunkingLibrary
0x000000000b100000 	/System/Library/PrivateFrameworks/DebugSymbols.framework/Versions/A/DebugSymbols
0x000000000b100000 	/System/Library/PrivateFrameworks/CoreSymbolication.framework/Versions/A/CoreSymbolication
0x000000000b100000 	/System/Library/PrivateFrameworks/Symbolication.framework/Versions/A/Symbolication
0x000000000b100000 	/System/Library/PrivateFrameworks/SpeechRecognitionCore.framework/Versions/A/SpeechRecognitionCore
0x000000010ca00000 	/Library/Java/JavaVirtualMachines/jdk1.8.0_11.jdk/Contents/Home/jre/lib/server/libjvm.dylib
0x000000000b100000 	/usr/lib/libstdc++.6.dylib
0x000000010c009000 	/Library/Java/JavaVirtualMachines/jdk1.8.0_11.jdk/Contents/Home/jre/lib/libverify.dylib
0x000000010c017000 	/Library/Java/JavaVirtualMachines/jdk1.8.0_11.jdk/Contents/Home/jre/lib/libjava.dylib
0x000000010c04c000 	/Library/Java/JavaVirtualMachines/jdk1.8.0_11.jdk/Contents/Home/jre/lib/libjdwp.dylib
0x000000010c097000 	/Library/Java/JavaVirtualMachines/jdk1.8.0_11.jdk/Contents/Home/jre/lib/libnpt.dylib
0x000000010c0a4000 	/Library/Java/JavaVirtualMachines/jdk1.8.0_11.jdk/Contents/Home/jre/lib/libzip.dylib
0x000000011ef64000 	/System/Library/Frameworks/JavaVM.framework/Frameworks/JavaRuntimeSupport.framework/JavaRuntimeSupport
0x000000011ef7f000 	/System/Library/Frameworks/JavaVM.framework/Versions/A/Frameworks/JavaNativeFoundation.framework/Versions/A/JavaNativeFoundation
0x000000010c1f2000 	/System/Library/Frameworks/JavaVM.framework/Versions/A/JavaVM
0x000000000b100000 	/System/Library/Frameworks/Carbon.framework/Versions/A/Carbon
0x000000011ef94000 	/System/Library/PrivateFrameworks/JavaLaunching.framework/Versions/A/JavaLaunching
0x000000000b100000 	/System/Library/Frameworks/Carbon.framework/Versions/A/Frameworks/CommonPanels.framework/Versions/A/CommonPanels
0x000000000b100000 	/System/Library/Frameworks/Carbon.framework/Versions/A/Frameworks/Help.framework/Versions/A/Help
0x000000000b100000 	/System/Library/Frameworks/Carbon.framework/Versions/A/Frameworks/ImageCapture.framework/Versions/A/ImageCapture
0x000000000b100000 	/System/Library/Frameworks/Carbon.framework/Versions/A/Frameworks/OpenScripting.framework/Versions/A/OpenScripting
0x000000000b100000 	/System/Library/Frameworks/Carbon.framework/Versions/A/Frameworks/Print.framework/Versions/A/Print
0x000000000b100000 	/System/Library/Frameworks/Carbon.framework/Versions/A/Frameworks/SecurityHI.framework/Versions/A/SecurityHI
0x00000001208ba000 	/Library/Java/JavaVirtualMachines/jdk1.8.0_11.jdk/Contents/Home/jre/lib/libdt_socket.dylib
0x0000000120dbd000 	/Library/Java/JavaVirtualMachines/jdk1.8.0_11.jdk/Contents/Home/jre/lib/libmanagement.dylib
0x0000000120dca000 	/Library/Java/JavaVirtualMachines/jdk1.8.0_11.jdk/Contents/Home/jre/lib/libnet.dylib
0x0000000120e0b000 	/Library/Java/JavaVirtualMachines/jdk1.8.0_11.jdk/Contents/Home/jre/lib/libnio.dylib
0x0000000120ea7000 	/Library/Java/JavaVirtualMachines/jdk1.8.0_11.jdk/Contents/Home/jre/lib/libinstrument.dylib
0x0000000120e3b000 	/Applications/VisualVM.app/Contents/Resources/visualvm/profiler/lib/deployed/jdk16/mac/libprofilerinterface.jnilib

VM Arguments:
jvm_args: -agentlib:jdwp=transport=dt_socket,address=127.0.0.1:60062,suspend=y,server=n -Xmx256m -Dfile.encoding=UTF-8 
java_command: org.diekema.camelpoc.CamelpocApplication
java_class_path (initial): /Library/Java/JavaVirtualMachines/jdk1.8.0_11.jdk/Contents/Home/jre/lib/charsets.jar:/Library/Java/JavaVirtualMachines/jdk1.8.0_11.jdk/Contents/Home/jre/lib/deploy.jar:/Library/Java/JavaVirtualMachines/jdk1.8.0_11.jdk/Contents/Home/jre/lib/ext/bcprov-jdk15on-152.jar:/Library/Java/JavaVirtualMachines/jdk1.8.0_11.jdk/Contents/Home/jre/lib/ext/cldrdata.jar:/Library/Java/JavaVirtualMachines/jdk1.8.0_11.jdk/Contents/Home/jre/lib/ext/dnsns.jar:/Library/Java/JavaVirtualMachines/jdk1.8.0_11.jdk/Contents/Home/jre/lib/ext/jfxrt.jar:/Library/Java/JavaVirtualMachines/jdk1.8.0_11.jdk/Contents/Home/jre/lib/ext/localedata.jar:/Library/Java/JavaVirtualMachines/jdk1.8.0_11.jdk/Contents/Home/jre/lib/ext/nashorn.jar:/Library/Java/JavaVirtualMachines/jdk1.8.0_11.jdk/Contents/Home/jre/lib/ext/sunec.jar:/Library/Java/JavaVirtualMachines/jdk1.8.0_11.jdk/Contents/Home/jre/lib/ext/sunjce_provider.jar:/Library/Java/JavaVirtualMachines/jdk1.8.0_11.jdk/Contents/Home/jre/lib/ext/sunpkcs11.jar:/Library/Java/JavaVirtualMachines/jdk1.8.0_11.jdk/Contents/Home/jre/lib/ext/zipfs.jar:/Library/Java/JavaVirtualMachines/jdk1.8.0_11.jdk/Contents/Home/jre/lib/htmlconverter.jar:/Library/Java/JavaVirtualMachines/jdk1.8.0_11.jdk/Contents/Home/jre/lib/javaws.jar:/Library/Java/JavaVirtualMachines/jdk1.8.0_11.jdk/Contents/Home/jre/lib/jce.jar:/Library/Java/JavaVirtualMachines/jdk1.8.0_11.jdk/Contents/Home/jre/lib/jfr.jar:/Library/Java/JavaVirtualMachines/jdk1.8.0_11.jdk/Contents/Home/jre/lib/jfxswt.jar:/Library/Java/JavaVirtualMachines/jdk1.8.0_11.jdk/Contents/Home/jre/lib/jsse.jar:/Library/Java/JavaVirtualMachines/jdk1.8.0_11.jdk/Contents/Home/jre/lib/management-agent.jar:/Library/Java/JavaVirtualMachines/jdk1.8.0_11.jdk/Contents/Home/jre/lib/plugin.jar:/Library/Java/JavaVirtualMachines/jdk1.8.0_11.jdk/Contents/Home/jre/lib/resources.jar:/Library/Java/JavaVirtualMachines/jdk1.8.0_11.jdk/Contents/Home/jre/lib/rt.jar:/Library/Java/JavaVirtualMachines/jdk1.8.0_11.jdk/Contents/Home/lib/
Launcher Type: SUN_STANDARD

Environment Variables:
JAVA_HOME=/Library/Java/JavaVirtualMachines/jdk1.8.0_11.jdk/Contents/Home
PATH=/Library/Frameworks/Python.framework/Versions/2.7/bin:/usr/local/bin:/usr/bin:/bin:/usr/sbin:/sbin:/opt/X11/bin:/Users/rdiekema/apache-ant-1.9.6/bin:/Users/rdiekema/Downloads/apache-maven-3.1.1/bin
SHELL=/bin/bash
DISPLAY=/private/tmp/com.apple.launchd.23VtgA566t/org.macosforge.xquartz:0

Signal Handlers:
SIGSEGV: [libjvm.dylib+0x56059b], sa_mask[0]=0xfffefeff, sa_flags=0x00000043
SIGBUS: [libjvm.dylib+0x56059b], sa_mask[0]=0xfffefeff, sa_flags=0x00000042
SIGFPE: [libjvm.dylib+0x4438f2], sa_mask[0]=0xfffefeff, sa_flags=0x00000042
SIGPIPE: [libjvm.dylib+0x4438f2], sa_mask[0]=0xfffefeff, sa_flags=0x00000042
SIGXFSZ: [libjvm.dylib+0x4438f2], sa_mask[0]=0xfffefeff, sa_flags=0x00000042
SIGILL: [libjvm.dylib+0x4438f2], sa_mask[0]=0xfffefeff, sa_flags=0x00000042
SIGUSR1: SIG_DFL, sa_mask[0]=0x00000000, sa_flags=0x00000000
SIGUSR2: [libjvm.dylib+0x443410], sa_mask[0]=0x00000004, sa_flags=0x00000042
SIGHUP: [libjvm.dylib+0x44179b], sa_mask[0]=0xfffefeff, sa_flags=0x00000042
SIGINT: [libjvm.dylib+0x44179b], sa_mask[0]=0xfffefeff, sa_flags=0x00000042
SIGTERM: [libjvm.dylib+0x44179b], sa_mask[0]=0xfffefeff, sa_flags=0x00000042
SIGQUIT: [libjvm.dylib+0x44179b], sa_mask[0]=0xfffefeff, sa_flags=0x00000042


---------------  S Y S T E M  ---------------

OS:Bsduname:Darwin 15.3.0 Darwin Kernel Version 15.3.0: Thu Dec 10 18:40:58 PST 2015; root:xnu-3248.30.4~1/RELEASE_X86_64 x86_64
rlimit: STACK 8192k, CORE 0k, NPROC 709, NOFILE 10240, AS infinity
load average:3.09 3.04 2.56

CPU:total 4 (4 cores per cpu, 1 threads per core) family 6 model 94 stepping 3, cmov, cx8, fxsr, mmx, sse, sse2, sse3, ssse3, sse4.1, sse4.2, popcnt, avx, avx2, aes, clmul, erms, tsc, tscinvbit

Memory: 4k page, physical 25165824k(172268k free)

/proc/meminfo:


vm_info: Java HotSpot(TM) 64-Bit Server VM (25.11-b03) for bsd-amd64 JRE (1.8.0_11-b12), built on Jun 16 2014 17:39:42 by "java_re" with gcc 4.2.1 (Based on Apple Inc. build 5658) (LLVM build 2336.11.00)

time: Sun Jan 31 19:53:24 2016
elapsed time: 10 seconds

