#
# A fatal error has been detected by the Java Runtime Environment:
#
#  Internal Error (constantPool.cpp:1351), pid=12621, tid=36363
#  Error: ShouldNotReachHere()
#
# JRE version: Java(TM) SE Runtime Environment (8.0_11-b12) (build 1.8.0_11-b12)
# Java VM: Java HotSpot(TM) 64-Bit Server VM (25.11-b03 mixed mode bsd-amd64 compressed oops)
# Failed to write core dump. Core dumps have been disabled. To enable core dumping, try "ulimit -c unlimited" before starting Java again
#
# If you would like to submit a bug report, please visit:
#   http://bugreport.sun.com/bugreport/crash.jsp
#

---------------  T H R E A D  ---------------

Current thread (0x00007f89a5a7f000):  JavaThread "*** Profiler Agent Special Execution Thread 2" daemon [_thread_in_vm, id=36363, stack(0x00007000037bf000,0x00007000038bf000)]

Stack: [0x00007000037bf000,0x00007000038bf000],  sp=0x00007000038bd710,  free space=1017k
Native frames: (J=compiled Java code, j=interpreted, Vv=VM code, C=native code)
V  [libjvm.dylib+0x55fe18]  VMError::report_and_die()+0x402
V  [libjvm.dylib+0x1d363b]  report_vm_error(char const*, int, char const*, char const*)+0x54
V  [libjvm.dylib+0x1cf794]  ConstantPool::copy_entry_to(constantPoolHandle, int, constantPoolHandle, int, Thread*)+0x342
V  [libjvm.dylib+0x37054e]  VM_RedefineClasses::merge_constant_pools(constantPoolHandle, constantPoolHandle, constantPoolHandle*, int*, Thread*)+0x3ca
V  [libjvm.dylib+0x371661]  VM_RedefineClasses::merge_cp_and_rewrite(instanceKlassHandle, instanceKlassHandle, Thread*)+0x3e7
V  [libjvm.dylib+0x3727a1]  VM_RedefineClasses::load_new_class_versions(Thread*)+0x743
V  [libjvm.dylib+0x36883d]  VM_RedefineClasses::doit_prologue()+0x9d
V  [libjvm.dylib+0x5661f5]  VMThread::execute(VM_Operation*)+0x4f
V  [libjvm.dylib+0x356290]  JvmtiEnv::RedefineClasses(int, _jvmtiClassDefinition const*)+0x28
V  [libjvm.dylib+0x324860]  jvmti_RedefineClasses+0xc9
C  [libprofilerinterface.jnilib+0x2a7e]  Java_org_netbeans_lib_profiler_server_system_Classes_doRedefineClasses+0x1b1
j  org.netbeans.lib.profiler.server.system.Classes.doRedefineClasses([Ljava/lang/Class;[[B)I+0
j  org.netbeans.lib.profiler.server.system.Classes.redefineClasses([Ljava/lang/Class;[[B)V+127
j  org.netbeans.lib.profiler.server.ProfilerInterface.redefineClasses([Ljava/lang/Class;[[B)V+97
j  org.netbeans.lib.profiler.server.ProfilerInterface.instrumentMethodGroupNow(Lorg/netbeans/lib/profiler/wireprotocol/InstrumentMethodGroupData;)V+282
j  org.netbeans.lib.profiler.server.ProfilerInterface.getAndInstrumentClasses(Z)Z+131
j  org.netbeans.lib.profiler.server.ProfilerInterface.access$1000(Z)Z+1
j  org.netbeans.lib.profiler.server.ProfilerInterface$InitiateProfilingThread.initiateInstrumentation(I)V+300
j  org.netbeans.lib.profiler.server.ProfilerInterface$InitiateProfilingThread.run()V+87
v  ~StubRoutines::call_stub
V  [libjvm.dylib+0x2c5d36]  JavaCalls::call_helper(JavaValue*, methodHandle*, JavaCallArguments*, Thread*)+0x6ae
V  [libjvm.dylib+0x2c64c4]  JavaCalls::call_virtual(JavaValue*, KlassHandle, Symbol*, Symbol*, JavaCallArguments*, Thread*)+0x164
V  [libjvm.dylib+0x2c6670]  JavaCalls::call_virtual(JavaValue*, Handle, KlassHandle, Symbol*, Symbol*, Thread*)+0x4a
V  [libjvm.dylib+0x315e57]  thread_entry(JavaThread*, Thread*)+0x7c
V  [libjvm.dylib+0x51d86d]  JavaThread::thread_main_inner()+0x9b
V  [libjvm.dylib+0x51efaa]  JavaThread::run()+0x1c2
V  [libjvm.dylib+0x446026]  java_start(Thread*)+0xf6
C  [libsystem_pthread.dylib+0x3c13]  _pthread_body+0x83
C  [libsystem_pthread.dylib+0x3b90]  _pthread_body+0x0
C  [libsystem_pthread.dylib+0x1375]  thread_start+0xd

Java frames: (J=compiled Java code, j=interpreted, Vv=VM code)
j  org.netbeans.lib.profiler.server.system.Classes.doRedefineClasses([Ljava/lang/Class;[[B)I+0
j  org.netbeans.lib.profiler.server.system.Classes.redefineClasses([Ljava/lang/Class;[[B)V+127
j  org.netbeans.lib.profiler.server.ProfilerInterface.redefineClasses([Ljava/lang/Class;[[B)V+97
j  org.netbeans.lib.profiler.server.ProfilerInterface.instrumentMethodGroupNow(Lorg/netbeans/lib/profiler/wireprotocol/InstrumentMethodGroupData;)V+282
j  org.netbeans.lib.profiler.server.ProfilerInterface.getAndInstrumentClasses(Z)Z+131
j  org.netbeans.lib.profiler.server.ProfilerInterface.access$1000(Z)Z+1
j  org.netbeans.lib.profiler.server.ProfilerInterface$InitiateProfilingThread.initiateInstrumentation(I)V+300
j  org.netbeans.lib.profiler.server.ProfilerInterface$InitiateProfilingThread.run()V+87
v  ~StubRoutines::call_stub

---------------  P R O C E S S  ---------------

Java Threads: ( => current thread )
=>0x00007f89a5a7f000 JavaThread "*** Profiler Agent Special Execution Thread 2" daemon [_thread_in_vm, id=36363, stack(0x00007000037bf000,0x00007000038bf000)]
  0x00007f89a5a7e000 JavaThread "process reaper" daemon [_thread_blocked, id=31251, stack(0x000070000019a000,0x00007000001c2000)]
  0x00007f89a6a9c800 JavaThread "*** Profiler Agent Special Execution Thread 6" daemon [_thread_blocked, id=33287, stack(0x0000700003ac8000,0x0000700003bc8000)]
  0x00007f89a6a9c000 JavaThread "*** JFluid Monitor thread ***" daemon [_thread_blocked, id=39943, stack(0x00007000039c5000,0x0000700003ac5000)]
  0x00007f89a6850800 JavaThread "*** Profiler Agent Communication Thread" daemon [_thread_in_native, id=23819, stack(0x00007000038c2000,0x00007000039c2000)]
  0x00007f89a4825800 JavaThread "ActiveMQ Task-67" daemon [_thread_blocked, id=44039, stack(0x00007000036bc000,0x00007000037bc000)]
  0x00007f89a49af800 JavaThread "ActiveMQ Task-66" daemon [_thread_in_Java, id=42507, stack(0x00007000035b9000,0x00007000036b9000)]
  0x00007f89a2f2a800 JavaThread "ActiveMQ Task-64" daemon [_thread_blocked, id=27655, stack(0x00007000034b6000,0x00007000035b6000)]
  0x00007f89a5be1800 JavaThread "ActiveMQ Task-65" daemon [_thread_blocked, id=27399, stack(0x00007000033b3000,0x00007000034b3000)]
  0x00007f89a6bdb000 JavaThread "ActiveMQ Task-63" daemon [_thread_blocked, id=25867, stack(0x00007000032b0000,0x00007000033b0000)]
  0x00007f89a58b9000 JavaThread "ActiveMQ Task-62" daemon [_thread_blocked, id=35847, stack(0x00007000031ad000,0x00007000032ad000)]
  0x00007f89a2ebd800 JavaThread "ActiveMQ Task-61" daemon [_thread_blocked, id=45063, stack(0x0000700002fa7000,0x00007000030a7000)]
  0x00007f89a29f5800 JavaThread "ActiveMQ Task-60" daemon [_thread_blocked, id=47879, stack(0x0000700002da1000,0x0000700002ea1000)]
  0x00007f89a6c32800 JavaThread "ActiveMQ Task-59" daemon [_thread_blocked, id=40459, stack(0x0000700002c9e000,0x0000700002d9e000)]
  0x00007f89a6acf800 JavaThread "ActiveMQ Task-58" daemon [_thread_blocked, id=39431, stack(0x0000700002b9b000,0x0000700002c9b000)]
  0x00007f89a2cc8000 JavaThread "ActiveMQ Task-57" daemon [_thread_blocked, id=36871, stack(0x0000700002995000,0x0000700002a95000)]
  0x00007f89a5c20000 JavaThread "ActiveMQ Task-56" daemon [_thread_blocked, id=38919, stack(0x0000700002383000,0x0000700002483000)]
  0x00007f89a2eca000 JavaThread "ActiveMQ Task-55" daemon [_thread_blocked, id=33803, stack(0x0000700001f77000,0x0000700002077000)]
  0x00007f89a6acb800 JavaThread "ActiveMQ Task-54" daemon [_thread_blocked, id=37387, stack(0x0000700001d71000,0x0000700001e71000)]
  0x00007f89a5ca8000 JavaThread "ActiveMQ Task-51" daemon [_thread_blocked, id=45579, stack(0x0000700002a98000,0x0000700002b98000)]
  0x00007f89a6e45000 JavaThread "BrokerService[localhost] Task-4" daemon [_thread_blocked, id=31755, stack(0x0000700002892000,0x0000700002992000)]
  0x00007f89a2cd9000 JavaThread "BrokerService[localhost] Task-3" daemon [_thread_blocked, id=38411, stack(0x000070000278f000,0x000070000288f000)]
  0x00007f89a2ead800 JavaThread "ActiveMQ Task-50" daemon [_thread_blocked, id=32775, stack(0x000070000268c000,0x000070000278c000)]
  0x00007f89a2bc1000 JavaThread "ActiveMQ Task-49" daemon [_thread_blocked, id=44555, stack(0x0000700002486000,0x0000700002586000)]
  0x00007f89a2c45000 JavaThread "JMX server connection timeout 91" daemon [_thread_blocked, id=47363, stack(0x00007000047ef000,0x00007000048ef000)]
  0x00007f89a483e800 JavaThread "RMI TCP Connection(3)-192.168.1.127" daemon [_thread_in_native, id=46851, stack(0x00007000046ec000,0x00007000047ec000)]
  0x00007f89a6690000 JavaThread "RMI TCP Accept-0" daemon [_thread_in_native, id=24071, stack(0x00007000045e9000,0x00007000046e9000)]
  0x00007f89a2cc9000 JavaThread "Attach Listener" daemon [_thread_blocked, id=23303, stack(0x00007000044e6000,0x00007000045e6000)]
  0x00007f89a5c39800 JavaThread "ActiveMQ Task-45" daemon [_thread_blocked, id=43527, stack(0x0000700003bcb000,0x0000700003ccb000)]
  0x00007f89a5ca7000 JavaThread "ActiveMQ Task-41" daemon [_thread_blocked, id=29191, stack(0x00007000030aa000,0x00007000031aa000)]
  0x00007f89a5c3f000 JavaThread "ActiveMQ Task-35" daemon [_thread_blocked, id=37895, stack(0x0000700002280000,0x0000700002380000)]
  0x00007f89a2eaf800 JavaThread "ActiveMQ Task-33" daemon [_thread_blocked, id=24587, stack(0x0000700001c6e000,0x0000700001d6e000)]
  0x00007f89a5be1000 JavaThread "ActiveMQ Session Task-3" [_thread_blocked, id=28423, stack(0x0000700001a68000,0x0000700001b68000)]
  0x00007f89a49b0800 JavaThread "ActiveMQ Session Task-3" [_thread_blocked, id=30215, stack(0x000070000175f000,0x000070000185f000)]
  0x00007f89a4914800 JavaThread "ActiveMQ Task-13" daemon [_thread_blocked, id=35331, stack(0x0000700002ea4000,0x0000700002fa4000)]
  0x00007f89a58be000 JavaThread "Camel (camel-1) thread #4 - Threads" daemon [_thread_blocked, id=30723, stack(0x0000700002589000,0x0000700002689000)]
  0x00007f89a58bf800 JavaThread "Camel (camel-1) thread #3 - TemporaryQueueReplyManager[entityLoader]" daemon [_thread_blocked, id=13835, stack(0x000070000217d000,0x000070000227d000)]
  0x00007f89a58be800 JavaThread "ActiveMQ Task-3" daemon [_thread_blocked, id=5895, stack(0x000070000207a000,0x000070000217a000)]
  0x00007f89a58bc800 JavaThread "Camel (camel-1) thread #2 - JmsReplyManagerTimeoutChecker[entityLoader]" daemon [_thread_blocked, id=13575, stack(0x0000700000932000,0x0000700000a32000)]
  0x00007f89a2810000 JavaThread "DestroyJavaVM" [_thread_blocked, id=4099, stack(0x0000700000084000,0x0000700000184000)]
  0x00007f89a44ac800 JavaThread "Camel (camel-1) thread #1 - JmsConsumer[entityLoader]" daemon [_thread_in_Java, id=27907, stack(0x0000700001e74000,0x0000700001f74000)]
  0x00007f89a43f9000 JavaThread "ActiveMQ Task-1" daemon [_thread_blocked, id=26371, stack(0x0000700001b6b000,0x0000700001c6b000)]
  0x00007f89a3ff7800 JavaThread "ActiveMQ Broker[localhost] Scheduler" daemon [_thread_blocked, id=21255, stack(0x0000700001353000,0x0000700001453000)]
  0x00007f89a32db000 JavaThread "RMI RenewClean-[192.168.1.127:60023]" daemon [_thread_blocked, id=25347, stack(0x0000700001965000,0x0000700001a65000)]
  0x00007f89a2ee4800 JavaThread "RMI Scheduler(0)" daemon [_thread_blocked, id=24835, stack(0x0000700001862000,0x0000700001962000)]
  0x00007f89a2ebc800 JavaThread "GC Daemon" daemon [_thread_blocked, id=22787, stack(0x000070000165c000,0x000070000175c000)]
  0x00007f89a3710800 JavaThread "RMI Reaper" [_thread_blocked, id=22275, stack(0x0000700001559000,0x0000700001659000)]
  0x00007f89a370f800 JavaThread "RMI TCP Accept-0" daemon [_thread_in_native, id=21763, stack(0x0000700001456000,0x0000700001556000)]
  0x00007f89a2fa9000 JavaThread "RMI TCP Accept-1099" daemon [_thread_in_native, id=20739, stack(0x0000700001250000,0x0000700001350000)]
  0x00007f89a44ab800 JavaThread "Camel (camel-1) thread #0 - file://target/in" daemon [_thread_blocked, id=20231, stack(0x000070000114d000,0x000070000124d000)]
  0x00007f89a3862000 JavaThread "Monitor Ctrl-Break" daemon [_thread_in_native, id=19715, stack(0x000070000104a000,0x000070000114a000)]
  0x00007f89a4063000 JavaThread "Service Thread" daemon [_thread_blocked, id=18691, stack(0x0000700000e44000,0x0000700000f44000)]
  0x00007f89a4062000 JavaThread "C1 CompilerThread2" daemon [_thread_in_vm, id=18179, stack(0x0000700000d41000,0x0000700000e41000)]
  0x00007f89a283a800 JavaThread "C2 CompilerThread1" daemon [_thread_in_native, id=17667, stack(0x0000700000c3e000,0x0000700000d3e000)]
  0x00007f89a380f000 JavaThread "C2 CompilerThread0" daemon [_thread_in_native, id=17155, stack(0x0000700000b3b000,0x0000700000c3b000)]
  0x00007f89a380e000 JavaThread "Signal Dispatcher" daemon [_thread_blocked, id=12819, stack(0x0000700000a38000,0x0000700000b38000)]
  0x00007f89a3807000 JavaThread "Finalizer" daemon [_thread_blocked, id=12291, stack(0x000070000082f000,0x000070000092f000)]
  0x00007f89a3806000 JavaThread "Reference Handler" daemon [_thread_blocked, id=11779, stack(0x000070000072c000,0x000070000082c000)]

Other Threads:
  0x00007f89a3803800 VMThread [stack: 0x0000700000629000,0x0000700000729000] [id=11267]
  0x00007f89a4095000 WatcherThread [stack: 0x0000700000f47000,0x0000700001047000] [id=19203]

VM state:not at safepoint (normal execution)

VM Mutex/Monitor currently owned by a thread:  ([mutex/lock_event])
[0x00007f89a2502840] CodeCache_lock - owner thread: 0x00007f89a4062000
[0x00007f89a2503ec0] Compile_lock - owner thread: 0x00007f89a4062000
[0x00007f89a2503fc0] MethodCompileQueue_lock - owner thread: 0x00007f89a4062000

Heap:
 PSYoungGen      total 84480K, used 44517K [0x00000007bab00000, 0x00000007c0000000, 0x00000007c0000000)
  eden space 81920K, 51% used [0x00000007bab00000,0x00000007bd4997a8,0x00000007bfb00000)
  from space 2560K, 75% used [0x00000007bfb00000,0x00000007bfce0000,0x00000007bfd80000)
  to   space 2560K, 0% used [0x00000007bfd80000,0x00000007bfd80000,0x00000007c0000000)
 ParOldGen       total 37888K, used 25975K [0x00000007b0000000, 0x00000007b2500000, 0x00000007bab00000)
  object space 37888K, 68% used [0x00000007b0000000,0x00000007b195df80,0x00000007b2500000)
 Metaspace       used 31337K, capacity 31710K, committed 31744K, reserved 1077248K
  class space    used 3922K, capacity 4088K, committed 4096K, reserved 1048576K

Card table byte_map: [0x0000000109b7e000,0x0000000109bff000] byte_map_base: 0x0000000105dfe000

Marking Bits: (ParMarkBitMap*) 0x00000001094cb0a0
 Begin Bits: [0x0000000119816000, 0x0000000119c16000)
 End Bits:   [0x0000000119c16000, 0x000000011a016000)

Polling page: 0x0000000109b6b000

CodeCache: size=245760Kb used=23547Kb max_used=23547Kb free=222212Kb
 bounds [0x000000010a400000, 0x000000010bb20000, 0x0000000119400000]
 total_blobs=7483 nmethods=7074 adapters=322
 compilation: enabled

Compilation events (10 events):
Event: 244.659 Thread 0x00007f89a4062000 nmethod 10872 0x000000010bb17a90 code [0x000000010bb17be0, 0x000000010bb17e30]
Event: 244.660 Thread 0x00007f89a4062000 10892       2       org.apache.camel.util.ObjectHelper::equal (91 bytes)
Event: 244.663 Thread 0x00007f89a4062000 nmethod 10892 0x000000010bb17f10 code [0x000000010bb180a0, 0x000000010bb18468]
Event: 244.663 Thread 0x00007f89a4062000 10855       2       org.apache.activemq.command.ProducerInfo::visit (8 bytes)
Event: 244.663 Thread 0x00007f89a4062000 nmethod 10855 0x000000010bb185d0 code [0x000000010bb18740, 0x000000010bb188c8]
Event: 244.663 Thread 0x00007f89a4062000 10830       2       javax.management.MBeanInfo::<init> (105 bytes)
Event: 244.665 Thread 0x00007f89a4062000 nmethod 10830 0x000000010bb18950 code [0x000000010bb18ac0, 0x000000010bb18da8]
Event: 244.665 Thread 0x00007f89a4062000 10912       2       org.apache.activemq.broker.BrokerFilter::removeConnection (13 bytes)
Event: 244.665 Thread 0x00007f89a4062000 nmethod 10912 0x000000010bb18e90 code [0x000000010bb19000, 0x000000010bb19188]
Event: 244.666 Thread 0x00007f89a4062000 10893       2       org.apache.activemq.ActiveMQMessageProducer::<init> (333 bytes)

GC Heap History (10 events):
Event: 242.111 GC heap before
{Heap before GC invocations=1165 (full 24):
 PSYoungGen      total 84992K, used 84448K [0x00000007bab00000, 0x00000007c0000000, 0x00000007c0000000)
  eden space 82944K, 100% used [0x00000007bab00000,0x00000007bfc00000,0x00000007bfc00000)
  from space 2048K, 73% used [0x00000007bfe00000,0x00000007bff78000,0x00000007c0000000)
  to   space 2048K, 0% used [0x00000007bfc00000,0x00000007bfc00000,0x00000007bfe00000)
 ParOldGen       total 37888K, used 22659K [0x00000007b0000000, 0x00000007b2500000, 0x00000007bab00000)
  object space 37888K, 59% used [0x00000007b0000000,0x00000007b1620ff0,0x00000007b2500000)
 Metaspace       used 30272K, capacity 30622K, committed 30848K, reserved 1077248K
  class space    used 3763K, capacity 3862K, committed 3968K, reserved 1048576K
Event: 242.114 GC heap after
Heap after GC invocations=1165 (full 24):
 PSYoungGen      total 84992K, used 1504K [0x00000007bab00000, 0x00000007c0000000, 0x00000007c0000000)
  eden space 82944K, 0% used [0x00000007bab00000,0x00000007bab00000,0x00000007bfc00000)
  from space 2048K, 73% used [0x00000007bfc00000,0x00000007bfd78000,0x00000007bfe00000)
  to   space 2048K, 0% used [0x00000007bfe00000,0x00000007bfe00000,0x00000007c0000000)
 ParOldGen       total 37888K, used 22923K [0x00000007b0000000, 0x00000007b2500000, 0x00000007bab00000)
  object space 37888K, 60% used [0x00000007b0000000,0x00000007b1662ff0,0x00000007b2500000)
 Metaspace       used 30272K, capacity 30622K, committed 30848K, reserved 1077248K
  class space    used 3763K, capacity 3862K, committed 3968K, reserved 1048576K
}
Event: 242.267 GC heap before
{Heap before GC invocations=1166 (full 24):
 PSYoungGen      total 84992K, used 84448K [0x00000007bab00000, 0x00000007c0000000, 0x00000007c0000000)
  eden space 82944K, 100% used [0x00000007bab00000,0x00000007bfc00000,0x00000007bfc00000)
  from space 2048K, 73% used [0x00000007bfc00000,0x00000007bfd78000,0x00000007bfe00000)
  to   space 2048K, 0% used [0x00000007bfe00000,0x00000007bfe00000,0x00000007c0000000)
 ParOldGen       total 37888K, used 22923K [0x00000007b0000000, 0x00000007b2500000, 0x00000007bab00000)
  object space 37888K, 60% used [0x00000007b0000000,0x00000007b1662ff0,0x00000007b2500000)
 Metaspace       used 30272K, capacity 30622K, committed 30848K, reserved 1077248K
  class space    used 3763K, capacity 3862K, committed 3968K, reserved 1048576K
Event: 242.270 GC heap after
Heap after GC invocations=1166 (full 24):
 PSYoungGen      total 84992K, used 1472K [0x00000007bab00000, 0x00000007c0000000, 0x00000007c0000000)
  eden space 82944K, 0% used [0x00000007bab00000,0x00000007bab00000,0x00000007bfc00000)
  from space 2048K, 71% used [0x00000007bfe00000,0x00000007bff70000,0x00000007c0000000)
  to   space 2048K, 0% used [0x00000007bfc00000,0x00000007bfc00000,0x00000007bfe00000)
 ParOldGen       total 37888K, used 23187K [0x00000007b0000000, 0x00000007b2500000, 0x00000007bab00000)
  object space 37888K, 61% used [0x00000007b0000000,0x00000007b16a4ff0,0x00000007b2500000)
 Metaspace       used 30272K, capacity 30622K, committed 30848K, reserved 1077248K
  class space    used 3763K, capacity 3862K, committed 3968K, reserved 1048576K
}
Event: 242.663 GC heap before
{Heap before GC invocations=1167 (full 24):
 PSYoungGen      total 84992K, used 84416K [0x00000007bab00000, 0x00000007c0000000, 0x00000007c0000000)
  eden space 82944K, 100% used [0x00000007bab00000,0x00000007bfc00000,0x00000007bfc00000)
  from space 2048K, 71% used [0x00000007bfe00000,0x00000007bff70000,0x00000007c0000000)
  to   space 2048K, 0% used [0x00000007bfc00000,0x00000007bfc00000,0x00000007bfe00000)
 ParOldGen       total 37888K, used 23187K [0x00000007b0000000, 0x00000007b2500000, 0x00000007bab00000)
  object space 37888K, 61% used [0x00000007b0000000,0x00000007b16a4ff0,0x00000007b2500000)
 Metaspace       used 30602K, capacity 30974K, committed 31104K, reserved 1077248K
  class space    used 3792K, capacity 3894K, committed 3968K, reserved 1048576K
Event: 242.666 GC heap after
Heap after GC invocations=1167 (full 24):
 PSYoungGen      total 84992K, used 1600K [0x00000007bab00000, 0x00000007c0000000, 0x00000007c0000000)
  eden space 82944K, 0% used [0x00000007bab00000,0x00000007bab00000,0x00000007bfc00000)
  from space 2048K, 78% used [0x00000007bfc00000,0x00000007bfd90000,0x00000007bfe00000)
  to   space 2048K, 0% used [0x00000007bfe00000,0x00000007bfe00000,0x00000007c0000000)
 ParOldGen       total 37888K, used 23459K [0x00000007b0000000, 0x00000007b2500000, 0x00000007bab00000)
  object space 37888K, 61% used [0x00000007b0000000,0x00000007b16e8ff0,0x00000007b2500000)
 Metaspace       used 30602K, capacity 30974K, committed 31104K, reserved 1077248K
  class space    used 3792K, capacity 3894K, committed 3968K, reserved 1048576K
}
Event: 242.889 GC heap before
{Heap before GC invocations=1168 (full 24):
 PSYoungGen      total 84992K, used 84544K [0x00000007bab00000, 0x00000007c0000000, 0x00000007c0000000)
  eden space 82944K, 100% used [0x00000007bab00000,0x00000007bfc00000,0x00000007bfc00000)
  from space 2048K, 78% used [0x00000007bfc00000,0x00000007bfd90000,0x00000007bfe00000)
  to   space 2048K, 0% used [0x00000007bfe00000,0x00000007bfe00000,0x00000007c0000000)
 ParOldGen       total 37888K, used 23459K [0x00000007b0000000, 0x00000007b2500000, 0x00000007bab00000)
  object space 37888K, 61% used [0x00000007b0000000,0x00000007b16e8ff0,0x00000007b2500000)
 Metaspace       used 30756K, capacity 31102K, committed 31360K, reserved 1077248K
  class space    used 3813K, capacity 3894K, committed 3968K, reserved 1048576K
Event: 242.892 GC heap after
Heap after GC invocations=1168 (full 24):
 PSYoungGen      total 83968K, used 2038K [0x00000007bab00000, 0x00000007c0000000, 0x00000007c0000000)
  eden space 81920K, 0% used [0x00000007bab00000,0x00000007bab00000,0x00000007bfb00000)
  from space 2048K, 99% used [0x00000007bfe00000,0x00000007bfffda60,0x00000007c0000000)
  to   space 2560K, 0% used [0x00000007bfb00000,0x00000007bfb00000,0x00000007bfd80000)
 ParOldGen       total 37888K, used 24475K [0x00000007b0000000, 0x00000007b2500000, 0x00000007bab00000)
  object space 37888K, 64% used [0x00000007b0000000,0x00000007b17e6ff0,0x00000007b2500000)
 Metaspace       used 30756K, capacity 31102K, committed 31360K, reserved 1077248K
  class space    used 3813K, capacity 3894K, committed 3968K, reserved 1048576K
}
Event: 244.344 GC heap before
{Heap before GC invocations=1169 (full 24):
 PSYoungGen      total 83968K, used 83958K [0x00000007bab00000, 0x00000007c0000000, 0x00000007c0000000)
  eden space 81920K, 100% used [0x00000007bab00000,0x00000007bfb00000,0x00000007bfb00000)
  from space 2048K, 99% used [0x00000007bfe00000,0x00000007bfffda60,0x00000007c0000000)
  to   space 2560K, 0% used [0x00000007bfb00000,0x00000007bfb00000,0x00000007bfd80000)
 ParOldGen       total 37888K, used 24475K [0x00000007b0000000, 0x00000007b2500000, 0x00000007bab00000)
  object space 37888K, 64% used [0x00000007b0000000,0x00000007b17e6ff0,0x00000007b2500000)
 Metaspace       used 31253K, capacity 31576K, committed 31744K, reserved 1077248K
  class space    used 3914K, capacity 4087K, committed 4096K, reserved 1048576K
Event: 244.348 GC heap after
Heap after GC invocations=1169 (full 24):
 PSYoungGen      total 84480K, used 1920K [0x00000007bab00000, 0x00000007c0000000, 0x00000007c0000000)
  eden space 81920K, 0% used [0x00000007bab00000,0x00000007bab00000,0x00000007bfb00000)
  from space 2560K, 75% used [0x00000007bfb00000,0x00000007bfce0000,0x00000007bfd80000)
  to   space 2560K, 0% used [0x00000007bfd80000,0x00000007bfd80000,0x00000007c0000000)
 ParOldGen       total 37888K, used 25975K [0x00000007b0000000, 0x00000007b2500000, 0x00000007bab00000)
  object space 37888K, 68% used [0x00000007b0000000,0x00000007b195df80,0x00000007b2500000)
 Metaspace       used 31253K, capacity 31576K, committed 31744K, reserved 1077248K
  class space    used 3914K, capacity 4087K, committed 4096K, reserved 1048576K
}

Deoptimization events (10 events):
Event: 242.573 Thread 0x00007f89a6850800 Uncommon trap: reason=class_check action=maybe_recompile pc=0x000000010b318af0 method=java.io.ObjectOutputStream$BlockDataOutputStream.drain()V @ 36
Event: 242.651 Thread 0x00007f89a6850800 Uncommon trap: reason=class_check action=maybe_recompile pc=0x000000010a5e662c method=java.io.ObjectInputStream$PeekInputStream.read([BII)I @ 50
Event: 242.653 Thread 0x00007f89a6850800 Uncommon trap: reason=bimorphic action=maybe_recompile pc=0x000000010b05d8ec method=java.io.ObjectInputStream$PeekInputStream.peek()I @ 19
Event: 242.653 Thread 0x00007f89a6850800 Uncommon trap: reason=bimorphic action=maybe_recompile pc=0x000000010b05d8ec method=java.io.ObjectInputStream$PeekInputStream.peek()I @ 19
Event: 242.653 Thread 0x00007f89a6850800 Uncommon trap: reason=bimorphic action=maybe_recompile pc=0x000000010b05d8ec method=java.io.ObjectInputStream$PeekInputStream.peek()I @ 19
Event: 242.655 Thread 0x00007f89a6850800 Uncommon trap: reason=class_check action=maybe_recompile pc=0x000000010a5e662c method=java.io.ObjectInputStream$PeekInputStream.read([BII)I @ 50
Event: 242.861 Thread 0x00007f89a6850800 Uncommon trap: reason=bimorphic action=maybe_recompile pc=0x000000010b05d8ec method=java.io.ObjectInputStream$PeekInputStream.peek()I @ 19
Event: 242.862 Thread 0x00007f89a6850800 Uncommon trap: reason=bimorphic action=maybe_recompile pc=0x000000010b4d1ec8 method=java.io.ObjectInputStream$PeekInputStream.read()I @ 23
Event: 242.862 Thread 0x00007f89a6850800 Uncommon trap: reason=bimorphic action=maybe_recompile pc=0x000000010b4d1ec8 method=java.io.ObjectInputStream$PeekInputStream.read()I @ 23
Event: 242.863 Thread 0x00007f89a6850800 Uncommon trap: reason=class_check action=maybe_recompile pc=0x000000010b2444cc method=java.util.Collections$UnmodifiableCollection$1.next()Ljava/lang/Object; @ 4

Internal exceptions (10 events):
Event: 242.400 Thread 0x00007f89a2cc9000 Implicit null exception at 0x000000010a598c91 to 0x000000010a59925d
Event: 242.413 Thread 0x00007f89a2cc9000 Exception <a 'java/security/PrivilegedActionException'> (0x00000007be138cf0) thrown at [/HUDSON3/workspace/8-2-build-macosx-x86_64/jdk8u11/648/hotspot/src/share/vm/prims/jvm.cpp, line 1248]
Event: 242.413 Thread 0x00007f89a2cc9000 Exception <a 'java/security/PrivilegedActionException'> (0x00000007be1445c0) thrown at [/HUDSON3/workspace/8-2-build-macosx-x86_64/jdk8u11/648/hotspot/src/share/vm/prims/jvm.cpp, line 1248]
Event: 242.413 Thread 0x00007f89a2cc9000 Exception <a 'java/security/PrivilegedActionException'> (0x00000007be146b50) thrown at [/HUDSON3/workspace/8-2-build-macosx-x86_64/jdk8u11/648/hotspot/src/share/vm/prims/jvm.cpp, line 1248]
Event: 242.414 Thread 0x00007f89a2cc9000 Exception <a 'java/security/PrivilegedActionException'> (0x00000007be15f6f8) thrown at [/HUDSON3/workspace/8-2-build-macosx-x86_64/jdk8u11/648/hotspot/src/share/vm/prims/jvm.cpp, line 1248]
Event: 242.414 Thread 0x00007f89a2cc9000 Exception <a 'java/security/PrivilegedActionException'> (0x00000007be16b3b8) thrown at [/HUDSON3/workspace/8-2-build-macosx-x86_64/jdk8u11/648/hotspot/src/share/vm/prims/jvm.cpp, line 1248]
Event: 242.415 Thread 0x00007f89a2cc9000 Exception <a 'java/security/PrivilegedActionException'> (0x00000007be16d050) thrown at [/HUDSON3/workspace/8-2-build-macosx-x86_64/jdk8u11/648/hotspot/src/share/vm/prims/jvm.cpp, line 1248]
Event: 242.415 Thread 0x00007f89a2cc9000 Exception <a 'java/security/PrivilegedActionException'> (0x00000007be17ec78) thrown at [/HUDSON3/workspace/8-2-build-macosx-x86_64/jdk8u11/648/hotspot/src/share/vm/prims/jvm.cpp, line 1248]
Event: 242.415 Thread 0x00007f89a2cc9000 Exception <a 'java/security/PrivilegedActionException'> (0x00000007be18ba10) thrown at [/HUDSON3/workspace/8-2-build-macosx-x86_64/jdk8u11/648/hotspot/src/share/vm/prims/jvm.cpp, line 1248]
Event: 242.415 Thread 0x00007f89a2cc9000 Exception <a 'java/security/PrivilegedActionException'> (0x00000007be18d588) thrown at [/HUDSON3/workspace/8-2-build-macosx-x86_64/jdk8u11/648/hotspot/src/share/vm/prims/jvm.cpp, line 1248]

Events (10 events):
Event: 244.592 Thread 0x00007f89a5ca8000 DEOPT PACKING pc=0x000000010b4d9b48 sp=0x0000700002b977d0
Event: 244.592 Thread 0x00007f89a5ca8000 DEOPT UNPACKING pc=0x000000010a44701a sp=0x0000700002b97480 mode 0
Event: 244.592 Thread 0x00007f89a2ead800 DEOPT PACKING pc=0x000000010affd184 sp=0x000070000278b820
Event: 244.592 Thread 0x00007f89a5ca8000 DEOPT PACKING pc=0x000000010affd184 sp=0x0000700002b97820
Event: 244.592 Thread 0x00007f89a2ead800 DEOPT UNPACKING pc=0x000000010a44701a sp=0x000070000278b570 mode 0
Event: 244.592 Thread 0x00007f89a5ca8000 DEOPT UNPACKING pc=0x000000010a44701a sp=0x0000700002b97570 mode 0
Event: 244.642 Thread 0x00007f89a44ab800 DEOPT PACKING pc=0x000000010b219552 sp=0x000070000124b980
Event: 244.642 Thread 0x00007f89a44ab800 DEOPT UNPACKING pc=0x000000010a44701a sp=0x000070000124b6f0 mode 0
Event: 244.662 Executing VM operation: RevokeBias
Event: 244.663 Executing VM operation: RevokeBias done


Dynamic libraries:
0x000000000b100000 	/System/Library/Frameworks/Cocoa.framework/Versions/A/Cocoa
0x000000000b100000 	/System/Library/Frameworks/Security.framework/Versions/A/Security
0x000000000b100000 	/System/Library/Frameworks/ApplicationServices.framework/Versions/A/ApplicationServices
0x000000000b100000 	/usr/lib/libz.1.dylib
0x000000000b100000 	/usr/lib/libSystem.B.dylib
0x000000000b100000 	/usr/lib/libobjc.A.dylib
0x000000000b100000 	/System/Library/Frameworks/CoreFoundation.framework/Versions/A/CoreFoundation
0x000000000b100000 	/System/Library/Frameworks/Foundation.framework/Versions/C/Foundation
0x000000000b100000 	/System/Library/Frameworks/AppKit.framework/Versions/C/AppKit
0x000000000b100000 	/System/Library/Frameworks/CoreData.framework/Versions/A/CoreData
0x000000000b100000 	/System/Library/PrivateFrameworks/RemoteViewServices.framework/Versions/A/RemoteViewServices
0x000000000b100000 	/System/Library/PrivateFrameworks/UIFoundation.framework/Versions/A/UIFoundation
0x000000000b100000 	/usr/lib/libScreenReader.dylib
0x000000000b100000 	/System/Library/Frameworks/Accelerate.framework/Versions/A/Accelerate
0x000000000b100000 	/System/Library/Frameworks/IOSurface.framework/Versions/A/IOSurface
0x000000000b100000 	/System/Library/Frameworks/AudioToolbox.framework/Versions/A/AudioToolbox
0x000000000b100000 	/System/Library/Frameworks/AudioUnit.framework/Versions/A/AudioUnit
0x000000000b100000 	/System/Library/PrivateFrameworks/DataDetectorsCore.framework/Versions/A/DataDetectorsCore
0x000000000b100000 	/System/Library/PrivateFrameworks/DesktopServicesPriv.framework/Versions/A/DesktopServicesPriv
0x000000000b100000 	/System/Library/Frameworks/Carbon.framework/Versions/A/Frameworks/HIToolbox.framework/Versions/A/HIToolbox
0x000000000b100000 	/System/Library/Frameworks/QuartzCore.framework/Versions/A/QuartzCore
0x000000000b100000 	/System/Library/Frameworks/Carbon.framework/Versions/A/Frameworks/SpeechRecognition.framework/Versions/A/SpeechRecognition
0x000000000b100000 	/usr/lib/libauto.dylib
0x000000000b100000 	/usr/lib/libicucore.A.dylib
0x000000000b100000 	/usr/lib/libxml2.2.dylib
0x000000000b100000 	/System/Library/PrivateFrameworks/CoreUI.framework/Versions/A/CoreUI
0x000000000b100000 	/System/Library/Frameworks/CoreAudio.framework/Versions/A/CoreAudio
0x000000000b100000 	/System/Library/Frameworks/DiskArbitration.framework/Versions/A/DiskArbitration
0x000000000b100000 	/usr/lib/liblangid.dylib
0x000000000b100000 	/System/Library/PrivateFrameworks/MultitouchSupport.framework/Versions/A/MultitouchSupport
0x000000000b100000 	/System/Library/Frameworks/IOKit.framework/Versions/A/IOKit
0x000000000b100000 	/usr/lib/libDiagnosticMessagesClient.dylib
0x000000000b100000 	/System/Library/Frameworks/CoreServices.framework/Versions/A/CoreServices
0x000000000b100000 	/System/Library/PrivateFrameworks/PerformanceAnalysis.framework/Versions/A/PerformanceAnalysis
0x000000000b100000 	/System/Library/PrivateFrameworks/GenerationalStorage.framework/Versions/A/GenerationalStorage
0x000000000b100000 	/System/Library/Frameworks/OpenGL.framework/Versions/A/OpenGL
0x000000000b100000 	/System/Library/PrivateFrameworks/Sharing.framework/Versions/A/Sharing
0x000000000b100000 	/System/Library/Frameworks/CoreGraphics.framework/Versions/A/CoreGraphics
0x000000000b100000 	/System/Library/Frameworks/CoreImage.framework/Versions/A/CoreImage
0x000000000b100000 	/System/Library/Frameworks/CoreText.framework/Versions/A/CoreText
0x000000000b100000 	/System/Library/Frameworks/ImageIO.framework/Versions/A/ImageIO
0x000000000b100000 	/System/Library/PrivateFrameworks/Backup.framework/Versions/A/Backup
0x000000000b100000 	/usr/lib/libextension.dylib
0x000000000b100000 	/usr/lib/libarchive.2.dylib
0x000000000b100000 	/System/Library/Frameworks/CFNetwork.framework/Versions/A/CFNetwork
0x000000000b100000 	/System/Library/Frameworks/SystemConfiguration.framework/Versions/A/SystemConfiguration
0x000000000b100000 	/usr/lib/libCRFSuite.dylib
0x000000000b100000 	/usr/lib/libc++.1.dylib
0x000000000b100000 	/usr/lib/libc++abi.dylib
0x000000000b100000 	/usr/lib/system/libcache.dylib
0x000000000b100000 	/usr/lib/system/libcommonCrypto.dylib
0x000000000b100000 	/usr/lib/system/libcompiler_rt.dylib
0x000000000b100000 	/usr/lib/system/libcopyfile.dylib
0x000000000b100000 	/usr/lib/system/libcorecrypto.dylib
0x000000000b100000 	/usr/lib/system/libdispatch.dylib
0x000000000b100000 	/usr/lib/system/libdyld.dylib
0x000000000b100000 	/usr/lib/system/libkeymgr.dylib
0x000000000b100000 	/usr/lib/system/liblaunch.dylib
0x000000000b100000 	/usr/lib/system/libmacho.dylib
0x000000000b100000 	/usr/lib/system/libquarantine.dylib
0x000000000b100000 	/usr/lib/system/libremovefile.dylib
0x000000000b100000 	/usr/lib/system/libsystem_asl.dylib
0x000000000b100000 	/usr/lib/system/libsystem_blocks.dylib
0x000000000b100000 	/usr/lib/system/libsystem_c.dylib
0x000000000b100000 	/usr/lib/system/libsystem_configuration.dylib
0x000000000b100000 	/usr/lib/system/libsystem_coreservices.dylib
0x000000000b100000 	/usr/lib/system/libsystem_coretls.dylib
0x000000000b100000 	/usr/lib/system/libsystem_dnssd.dylib
0x000000000b100000 	/usr/lib/system/libsystem_info.dylib
0x000000000b100000 	/usr/lib/system/libsystem_kernel.dylib
0x000000000b100000 	/usr/lib/system/libsystem_m.dylib
0x000000000b100000 	/usr/lib/system/libsystem_malloc.dylib
0x000000000b100000 	/usr/lib/system/libsystem_network.dylib
0x000000000b100000 	/usr/lib/system/libsystem_networkextension.dylib
0x000000000b100000 	/usr/lib/system/libsystem_notify.dylib
0x000000000b100000 	/usr/lib/system/libsystem_platform.dylib
0x000000000b100000 	/usr/lib/system/libsystem_pthread.dylib
0x000000000b100000 	/usr/lib/system/libsystem_sandbox.dylib
0x000000000b100000 	/usr/lib/system/libsystem_secinit.dylib
0x000000000b100000 	/usr/lib/system/libsystem_trace.dylib
0x000000000b100000 	/usr/lib/system/libunc.dylib
0x000000000b100000 	/usr/lib/system/libunwind.dylib
0x000000000b100000 	/usr/lib/system/libxpc.dylib
0x000000000b100000 	/usr/lib/libenergytrace.dylib
0x000000000b100000 	/usr/lib/libbsm.0.dylib
0x000000000b100000 	/usr/lib/system/libkxld.dylib
0x000000000b100000 	/usr/lib/libxar.1.dylib
0x000000000b100000 	/usr/lib/libsqlite3.dylib
0x000000000b100000 	/usr/lib/libpam.2.dylib
0x000000000b100000 	/usr/lib/libOpenScriptingUtil.dylib
0x000000000b100000 	/usr/lib/libbz2.1.0.dylib
0x000000000b100000 	/usr/lib/liblzma.5.dylib
0x000000000b100000 	/System/Library/Frameworks/CoreServices.framework/Versions/A/Frameworks/FSEvents.framework/Versions/A/FSEvents
0x000000000b100000 	/System/Library/Frameworks/CoreServices.framework/Versions/A/Frameworks/CarbonCore.framework/Versions/A/CarbonCore
0x000000000b100000 	/System/Library/Frameworks/CoreServices.framework/Versions/A/Frameworks/Metadata.framework/Versions/A/Metadata
0x000000000b100000 	/System/Library/Frameworks/CoreServices.framework/Versions/A/Frameworks/OSServices.framework/Versions/A/OSServices
0x000000000b100000 	/System/Library/Frameworks/CoreServices.framework/Versions/A/Frameworks/SearchKit.framework/Versions/A/SearchKit
0x000000000b100000 	/System/Library/Frameworks/CoreServices.framework/Versions/A/Frameworks/AE.framework/Versions/A/AE
0x000000000b100000 	/System/Library/Frameworks/CoreServices.framework/Versions/A/Frameworks/LaunchServices.framework/Versions/A/LaunchServices
0x000000000b100000 	/System/Library/Frameworks/CoreServices.framework/Versions/A/Frameworks/DictionaryServices.framework/Versions/A/DictionaryServices
0x000000000b100000 	/System/Library/Frameworks/CoreServices.framework/Versions/A/Frameworks/SharedFileList.framework/Versions/A/SharedFileList
0x000000000b100000 	/System/Library/Frameworks/NetFS.framework/Versions/A/NetFS
0x000000000b100000 	/System/Library/PrivateFrameworks/NetAuth.framework/Versions/A/NetAuth
0x000000000b100000 	/System/Library/PrivateFrameworks/login.framework/Versions/A/Frameworks/loginsupport.framework/Versions/A/loginsupport
0x000000000b100000 	/System/Library/PrivateFrameworks/TCC.framework/Versions/A/TCC
0x000000000b100000 	/usr/lib/libmecabra.dylib
0x000000000b100000 	/System/Library/Frameworks/ApplicationServices.framework/Versions/A/Frameworks/ATS.framework/Versions/A/ATS
0x000000000b100000 	/System/Library/Frameworks/ApplicationServices.framework/Versions/A/Frameworks/ColorSync.framework/Versions/A/ColorSync
0x000000000b100000 	/System/Library/Frameworks/ApplicationServices.framework/Versions/A/Frameworks/HIServices.framework/Versions/A/HIServices
0x000000000b100000 	/System/Library/Frameworks/ApplicationServices.framework/Versions/A/Frameworks/LangAnalysis.framework/Versions/A/LangAnalysis
0x000000000b100000 	/System/Library/Frameworks/ApplicationServices.framework/Versions/A/Frameworks/PrintCore.framework/Versions/A/PrintCore
0x000000000b100000 	/System/Library/Frameworks/ApplicationServices.framework/Versions/A/Frameworks/QD.framework/Versions/A/QD
0x000000000b100000 	/System/Library/Frameworks/ApplicationServices.framework/Versions/A/Frameworks/SpeechSynthesis.framework/Versions/A/SpeechSynthesis
0x000000000b100000 	/System/Library/Frameworks/Metal.framework/Versions/A/Metal
0x000000000b100000 	/System/Library/Frameworks/Accelerate.framework/Versions/A/Frameworks/vImage.framework/Versions/A/vImage
0x000000000b100000 	/System/Library/Frameworks/Accelerate.framework/Versions/A/Frameworks/vecLib.framework/Versions/A/vecLib
0x000000000b100000 	/System/Library/Frameworks/Accelerate.framework/Versions/A/Frameworks/vecLib.framework/Versions/A/libvDSP.dylib
0x000000000b100000 	/System/Library/Frameworks/Accelerate.framework/Versions/A/Frameworks/vecLib.framework/Versions/A/libvMisc.dylib
0x000000000b100000 	/System/Library/Frameworks/Accelerate.framework/Versions/A/Frameworks/vecLib.framework/Versions/A/libLAPACK.dylib
0x000000000b100000 	/System/Library/Frameworks/Accelerate.framework/Versions/A/Frameworks/vecLib.framework/Versions/A/libBLAS.dylib
0x000000000b100000 	/System/Library/Frameworks/Accelerate.framework/Versions/A/Frameworks/vecLib.framework/Versions/A/libLinearAlgebra.dylib
0x000000000b100000 	/System/Library/Frameworks/Accelerate.framework/Versions/A/Frameworks/vecLib.framework/Versions/A/libSparseBLAS.dylib
0x000000000b100000 	/System/Library/PrivateFrameworks/GPUCompiler.framework/libmetal_timestamp.dylib
0x000000000b100000 	/System/Library/Frameworks/OpenGL.framework/Versions/A/Libraries/libCoreFSCache.dylib
0x000000000b100000 	/System/Library/PrivateFrameworks/IOAccelerator.framework/Versions/A/IOAccelerator
0x000000000b100000 	/System/Library/Frameworks/ApplicationServices.framework/Versions/A/Frameworks/ATS.framework/Versions/A/Resources/libFontParser.dylib
0x000000000b100000 	/System/Library/Frameworks/ApplicationServices.framework/Versions/A/Frameworks/ATS.framework/Versions/A/Resources/libFontRegistry.dylib
0x000000000b100000 	/System/Library/PrivateFrameworks/AppleVPA.framework/Versions/A/AppleVPA
0x000000000b100000 	/System/Library/PrivateFrameworks/AppleJPEG.framework/Versions/A/AppleJPEG
0x000000000b100000 	/System/Library/Frameworks/ImageIO.framework/Versions/A/Resources/libJPEG.dylib
0x000000000b100000 	/System/Library/Frameworks/ImageIO.framework/Versions/A/Resources/libTIFF.dylib
0x000000000b100000 	/System/Library/Frameworks/ImageIO.framework/Versions/A/Resources/libPng.dylib
0x000000000b100000 	/System/Library/Frameworks/ImageIO.framework/Versions/A/Resources/libGIF.dylib
0x000000000b100000 	/System/Library/Frameworks/ImageIO.framework/Versions/A/Resources/libJP2.dylib
0x000000000b100000 	/System/Library/Frameworks/ImageIO.framework/Versions/A/Resources/libRadiance.dylib
0x000000000b100000 	/System/Library/Frameworks/CoreVideo.framework/Versions/A/CoreVideo
0x000000000b100000 	/System/Library/Frameworks/OpenGL.framework/Versions/A/Libraries/libGLU.dylib
0x000000000b100000 	/System/Library/Frameworks/OpenGL.framework/Versions/A/Libraries/libGFXShared.dylib
0x000000000b100000 	/System/Library/Frameworks/OpenGL.framework/Versions/A/Libraries/libGL.dylib
0x000000000b100000 	/System/Library/Frameworks/OpenGL.framework/Versions/A/Libraries/libGLImage.dylib
0x000000000b100000 	/System/Library/Frameworks/OpenGL.framework/Versions/A/Libraries/libCVMSPluginSupport.dylib
0x000000000b100000 	/System/Library/Frameworks/OpenGL.framework/Versions/A/Libraries/libCoreVMClient.dylib
0x000000000b100000 	/usr/lib/libcups.2.dylib
0x000000000b100000 	/System/Library/Frameworks/Kerberos.framework/Versions/A/Kerberos
0x000000000b100000 	/System/Library/Frameworks/GSS.framework/Versions/A/GSS
0x000000000b100000 	/usr/lib/libresolv.9.dylib
0x000000000b100000 	/usr/lib/libiconv.2.dylib
0x000000000b100000 	/System/Library/PrivateFrameworks/Heimdal.framework/Versions/A/Heimdal
0x000000000b100000 	/usr/lib/libheimdal-asn1.dylib
0x000000000b100000 	/System/Library/Frameworks/OpenDirectory.framework/Versions/A/OpenDirectory
0x000000000b100000 	/System/Library/PrivateFrameworks/CommonAuth.framework/Versions/A/CommonAuth
0x000000000b100000 	/System/Library/Frameworks/OpenDirectory.framework/Versions/A/Frameworks/CFOpenDirectory.framework/Versions/A/CFOpenDirectory
0x000000000b100000 	/System/Library/Frameworks/SecurityFoundation.framework/Versions/A/SecurityFoundation
0x000000000b100000 	/System/Library/PrivateFrameworks/LanguageModeling.framework/Versions/A/LanguageModeling
0x000000000b100000 	/usr/lib/libmarisa.dylib
0x000000000b100000 	/usr/lib/libChineseTokenizer.dylib
0x000000000b100000 	/usr/lib/libcmph.dylib
0x000000000b100000 	/usr/lib/libcompression.dylib
0x000000000b100000 	/System/Library/Frameworks/ServiceManagement.framework/Versions/A/ServiceManagement
0x000000000b100000 	/usr/lib/libxslt.1.dylib
0x000000000b100000 	/System/Library/Frameworks/Carbon.framework/Versions/A/Frameworks/Ink.framework/Versions/A/Ink
0x000000000b100000 	/usr/lib/libFosl_dynamic.dylib
0x000000000b100000 	/System/Library/PrivateFrameworks/FaceCore.framework/Versions/A/FaceCore
0x000000000b100000 	/System/Library/Frameworks/OpenCL.framework/Versions/A/OpenCL
0x000000000b100000 	/System/Library/PrivateFrameworks/CrashReporterSupport.framework/Versions/A/CrashReporterSupport
0x000000000b100000 	/System/Library/PrivateFrameworks/IconServices.framework/Versions/A/IconServices
0x000000000b100000 	/System/Library/PrivateFrameworks/Apple80211.framework/Versions/A/Apple80211
0x000000000b100000 	/System/Library/Frameworks/CoreWLAN.framework/Versions/A/CoreWLAN
0x000000000b100000 	/System/Library/Frameworks/IOBluetooth.framework/Versions/A/IOBluetooth
0x000000000b100000 	/System/Library/PrivateFrameworks/CoreWiFi.framework/Versions/A/CoreWiFi
0x000000000b100000 	/System/Library/Frameworks/CoreBluetooth.framework/Versions/A/CoreBluetooth
0x000000000b100000 	/System/Library/PrivateFrameworks/ChunkingLibrary.framework/Versions/A/ChunkingLibrary
0x000000000b100000 	/System/Library/PrivateFrameworks/DebugSymbols.framework/Versions/A/DebugSymbols
0x000000000b100000 	/System/Library/PrivateFrameworks/CoreSymbolication.framework/Versions/A/CoreSymbolication
0x000000000b100000 	/System/Library/PrivateFrameworks/Symbolication.framework/Versions/A/Symbolication
0x000000000b100000 	/System/Library/PrivateFrameworks/SpeechRecognitionCore.framework/Versions/A/SpeechRecognitionCore
0x0000000108c64000 	/Library/Java/JavaVirtualMachines/jdk1.8.0_11.jdk/Contents/Home/jre/lib/server/libjvm.dylib
0x000000000b100000 	/usr/lib/libstdc++.6.dylib
0x0000000109b29000 	/Library/Java/JavaVirtualMachines/jdk1.8.0_11.jdk/Contents/Home/jre/lib/libverify.dylib
0x0000000109b37000 	/Library/Java/JavaVirtualMachines/jdk1.8.0_11.jdk/Contents/Home/jre/lib/libjava.dylib
0x0000000109b75000 	/Library/Java/JavaVirtualMachines/jdk1.8.0_11.jdk/Contents/Home/jre/lib/libzip.dylib
0x000000011bb66000 	/System/Library/Frameworks/JavaVM.framework/Frameworks/JavaRuntimeSupport.framework/JavaRuntimeSupport
0x000000011bb81000 	/System/Library/Frameworks/JavaVM.framework/Versions/A/Frameworks/JavaNativeFoundation.framework/Versions/A/JavaNativeFoundation
0x000000011bb96000 	/System/Library/Frameworks/JavaVM.framework/Versions/A/JavaVM
0x000000000b100000 	/System/Library/Frameworks/Carbon.framework/Versions/A/Carbon
0x000000011bba3000 	/System/Library/PrivateFrameworks/JavaLaunching.framework/Versions/A/JavaLaunching
0x000000000b100000 	/System/Library/Frameworks/Carbon.framework/Versions/A/Frameworks/CommonPanels.framework/Versions/A/CommonPanels
0x000000000b100000 	/System/Library/Frameworks/Carbon.framework/Versions/A/Frameworks/Help.framework/Versions/A/Help
0x000000000b100000 	/System/Library/Frameworks/Carbon.framework/Versions/A/Frameworks/ImageCapture.framework/Versions/A/ImageCapture
0x000000000b100000 	/System/Library/Frameworks/Carbon.framework/Versions/A/Frameworks/OpenScripting.framework/Versions/A/OpenScripting
0x000000000b100000 	/System/Library/Frameworks/Carbon.framework/Versions/A/Frameworks/Print.framework/Versions/A/Print
0x000000000b100000 	/System/Library/Frameworks/Carbon.framework/Versions/A/Frameworks/SecurityHI.framework/Versions/A/SecurityHI
0x000000011d9a4000 	/Applications/IntelliJ IDEA 15.app/Contents/bin/libbreakgen64.jnilib
0x000000011d9a7000 	/Library/Java/JavaVirtualMachines/jdk1.8.0_11.jdk/Contents/Home/jre/lib/libnet.dylib
0x000000011da49000 	/Library/Java/JavaVirtualMachines/jdk1.8.0_11.jdk/Contents/Home/jre/lib/libmanagement.dylib
0x000000011da7b000 	/Library/Java/JavaVirtualMachines/jdk1.8.0_11.jdk/Contents/Home/jre/lib/libnio.dylib
0x000000011da05000 	/Library/Java/JavaVirtualMachines/jdk1.8.0_11.jdk/Contents/Home/jre/lib/libinstrument.dylib
0x000000011da32000 	/Applications/VisualVM.app/Contents/Resources/visualvm/profiler/lib/deployed/jdk16/mac/libprofilerinterface.jnilib

VM Arguments:
jvm_args: -Xmx256m -Didea.launcher.port=7532 -Didea.launcher.bin.path=/Applications/IntelliJ IDEA 15.app/Contents/bin -Dfile.encoding=UTF-8 
java_command: com.intellij.rt.execution.application.AppMain org.diekema.camelpoc.CamelpocApplication
java_class_path (initial): /Library/Java/JavaVirtualMachines/jdk1.8.0_11.jdk/Contents/Home/jre/lib/charsets.jar:/Library/Java/JavaVirtualMachines/jdk1.8.0_11.jdk/Contents/Home/jre/lib/deploy.jar:/Library/Java/JavaVirtualMachines/jdk1.8.0_11.jdk/Contents/Home/jre/lib/ext/bcprov-jdk15on-152.jar:/Library/Java/JavaVirtualMachines/jdk1.8.0_11.jdk/Contents/Home/jre/lib/ext/cldrdata.jar:/Library/Java/JavaVirtualMachines/jdk1.8.0_11.jdk/Contents/Home/jre/lib/ext/dnsns.jar:/Library/Java/JavaVirtualMachines/jdk1.8.0_11.jdk/Contents/Home/jre/lib/ext/jfxrt.jar:/Library/Java/JavaVirtualMachines/jdk1.8.0_11.jdk/Contents/Home/jre/lib/ext/localedata.jar:/Library/Java/JavaVirtualMachines/jdk1.8.0_11.jdk/Contents/Home/jre/lib/ext/nashorn.jar:/Library/Java/JavaVirtualMachines/jdk1.8.0_11.jdk/Contents/Home/jre/lib/ext/sunec.jar:/Library/Java/JavaVirtualMachines/jdk1.8.0_11.jdk/Contents/Home/jre/lib/ext/sunjce_provider.jar:/Library/Java/JavaVirtualMachines/jdk1.8.0_11.jdk/Contents/Home/jre/lib/ext/sunpkcs11.jar:/Library/Java/JavaVirtualMachines/jdk1.8.0_11.jdk/Contents/Home/jre/lib/ext/zipfs.jar:/Library/Java/JavaVirtualMachines/jdk1.8.0_11.jdk/Contents/Home/jre/lib/htmlconverter.jar:/Library/Java/JavaVirtualMachines/jdk1.8.0_11.jdk/Contents/Home/jre/lib/javaws.jar:/Library/Java/JavaVirtualMachines/jdk1.8.0_11.jdk/Contents/Home/jre/lib/jce.jar:/Library/Java/JavaVirtualMachines/jdk1.8.0_11.jdk/Contents/Home/jre/lib/jfr.jar:/Library/Java/JavaVirtualMachines/jdk1.8.0_11.jdk/Contents/Home/jre/lib/jfxswt.jar:/Library/Java/JavaVirtualMachines/jdk1.8.0_11.jdk/Contents/Home/jre/lib/jsse.jar:/Library/Java/JavaVirtualMachines/jdk1.8.0_11.jdk/Contents/Home/jre/lib/management-agent.jar:/Library/Java/JavaVirtualMachines/jdk1.8.0_11.jdk/Contents/Home/jre/lib/plugin.jar:/Library/Java/JavaVirtualMachines/jdk1.8.0_11.jdk/Contents/Home/jre/lib/resources.jar:/Library/Java/JavaVirtualMachines/jdk1.8.0_11.jdk/Contents/Home/jre/lib/rt.jar:/Library/Java/JavaVirtualMachines/jdk1.8.0_11.jdk/Contents/Home/lib/
Launcher Type: SUN_STANDARD

Environment Variables:
JAVA_HOME=/Library/Java/JavaVirtualMachines/jdk1.8.0_11.jdk/Contents/Home
PATH=/Library/Frameworks/Python.framework/Versions/2.7/bin:/usr/local/bin:/usr/bin:/bin:/usr/sbin:/sbin:/opt/X11/bin:/Users/rdiekema/apache-ant-1.9.6/bin:/Users/rdiekema/Downloads/apache-maven-3.1.1/bin
SHELL=/bin/bash
DISPLAY=/private/tmp/com.apple.launchd.23VtgA566t/org.macosforge.xquartz:0

Signal Handlers:
SIGSEGV: [libjvm.dylib+0x56059b], sa_mask[0]=0xfffefeff, sa_flags=0x00000043
SIGBUS: [libjvm.dylib+0x56059b], sa_mask[0]=0xfffefeff, sa_flags=0x00000042
SIGFPE: [libjvm.dylib+0x4438f2], sa_mask[0]=0xfffefeff, sa_flags=0x00000042
SIGPIPE: [libjvm.dylib+0x4438f2], sa_mask[0]=0xfffefeff, sa_flags=0x00000042
SIGXFSZ: [libjvm.dylib+0x4438f2], sa_mask[0]=0xfffefeff, sa_flags=0x00000042
SIGILL: [libjvm.dylib+0x4438f2], sa_mask[0]=0xfffefeff, sa_flags=0x00000042
SIGUSR1: SIG_DFL, sa_mask[0]=0x00000000, sa_flags=0x00000000
SIGUSR2: [libjvm.dylib+0x443410], sa_mask[0]=0x00000004, sa_flags=0x00000042
SIGHUP: [libjvm.dylib+0x44179b], sa_mask[0]=0xfffefeff, sa_flags=0x00000042
SIGINT: [libjvm.dylib+0x44179b], sa_mask[0]=0xfffefeff, sa_flags=0x00000042
SIGTERM: [libjvm.dylib+0x44179b], sa_mask[0]=0xfffefeff, sa_flags=0x00000042
SIGQUIT: [libjvm.dylib+0x44179b], sa_mask[0]=0xfffefeff, sa_flags=0x00000042


---------------  S Y S T E M  ---------------

OS:Bsduname:Darwin 15.3.0 Darwin Kernel Version 15.3.0: Thu Dec 10 18:40:58 PST 2015; root:xnu-3248.30.4~1/RELEASE_X86_64 x86_64
rlimit: STACK 8192k, CORE 0k, NPROC 709, NOFILE 10240, AS infinity
load average:3.29 3.06 2.55

CPU:total 4 (4 cores per cpu, 1 threads per core) family 6 model 94 stepping 3, cmov, cx8, fxsr, mmx, sse, sse2, sse3, ssse3, sse4.1, sse4.2, popcnt, avx, avx2, aes, clmul, erms, tsc, tscinvbit

Memory: 4k page, physical 25165824k(185216k free)

/proc/meminfo:


vm_info: Java HotSpot(TM) 64-Bit Server VM (25.11-b03) for bsd-amd64 JRE (1.8.0_11-b12), built on Jun 16 2014 17:39:42 by "java_re" with gcc 4.2.1 (Based on Apple Inc. build 5658) (LLVM build 2336.11.00)

time: Sun Jan 31 19:52:45 2016
elapsed time: 244 seconds

